Log file open, 01/30/20 18:02:41
LogWindows: Failed to load 'aqProf.dll' (GetLastError=126)
LogWindows: File 'aqProf.dll' does not exist
LogWindows: Failed to load 'VtuneApi.dll' (GetLastError=126)
LogWindows: File 'VtuneApi.dll' does not exist
LogWindows: Failed to load 'VtuneApi32e.dll' (GetLastError=126)
LogWindows: File 'VtuneApi32e.dll' does not exist
LogConsoleResponse: Display: Failed to find resolution value strings in scalability ini. Falling back to default.
LogInit: Display: Running engine for game: P1
LogPlatformFile: Not using cached read wrapper
LogTaskGraph: Started task graph with 5 named threads and 35 total threads with 3 sets of task threads.
LogStats: Stats thread started at 0.184817
LogD3D11RHI: Loaded GFSDK_Aftermath_Lib.x64.dll
LogICUInternationalization: ICU TimeZone Detection - Raw Offset: +1:00, Platform Override: ''
LogPluginManager: Mounting plugin Paper2D
LogPluginManager: Mounting plugin AISupport
LogPluginManager: Mounting plugin LightPropagationVolume
LogPluginManager: Mounting plugin ActorLayerUtilities
LogPluginManager: Mounting plugin AnimationSharing
LogPluginManager: Mounting plugin CLionSourceCodeAccess
LogPluginManager: Mounting plugin CodeLiteSourceCodeAccess
LogPluginManager: Mounting plugin GitSourceControl
LogPluginManager: Mounting plugin KDevelopSourceCodeAccess
LogPluginManager: Mounting plugin NullSourceCodeAccess
LogPluginManager: Mounting plugin PerforceSourceControl
LogPluginManager: Mounting plugin PlasticSourceControl
LogPluginManager: Mounting plugin SubversionSourceControl
LogPluginManager: Mounting plugin UObjectPlugin
LogPluginManager: Mounting plugin VisualStudioCodeSourceCodeAccess
LogPluginManager: Mounting plugin VisualStudioSourceCodeAccess
LogPluginManager: Mounting plugin XCodeSourceCodeAccess
LogPluginManager: Mounting plugin AssetManagerEditor
LogPluginManager: Mounting plugin CryptoKeys
LogPluginManager: Mounting plugin CurveEditorTools
LogPluginManager: Mounting plugin DataValidation
LogPluginManager: Mounting plugin FacialAnimation
LogPluginManager: Mounting plugin GameplayTagsEditor
LogPluginManager: Mounting plugin MacGraphicsSwitching
LogPluginManager: Mounting plugin MaterialAnalyzer
LogPluginManager: Mounting plugin MobileLauncherProfileWizard
LogPluginManager: Mounting plugin PluginBrowser
LogPluginManager: Mounting plugin SpeedTreeImporter
LogPluginManager: Mounting plugin DatasmithContent
LogPluginManager: Mounting plugin VariantManagerContent
LogPluginManager: Mounting plugin AlembicImporter
LogPluginManager: Mounting plugin AutomationUtils
LogPluginManager: Mounting plugin BackChannel
LogPluginManager: Mounting plugin CharacterAI
LogPluginManager: Mounting plugin GeometryCache
LogPluginManager: Mounting plugin PlatformCrypto
LogPluginManager: Mounting plugin ProxyLODPlugin
LogPluginManager: Mounting plugin SkeletalReduction
LogPluginManager: Mounting plugin MagicLeap
LogPluginManager: Mounting plugin MagicLeapMedia
LogPluginManager: Mounting plugin MLSDK
LogPluginManager: Mounting plugin AndroidMedia
LogPluginManager: Mounting plugin AvfMedia
LogPluginManager: Mounting plugin ImgMedia
LogPluginManager: Mounting plugin MediaCompositing
LogPluginManager: Mounting plugin MediaPlayerEditor
LogPluginManager: Mounting plugin WebMMedia
LogPluginManager: Mounting plugin WmfMedia
LogPluginManager: Mounting plugin TcpMessaging
LogPluginManager: Mounting plugin UdpMessaging
LogPluginManager: Mounting plugin ActorSequence
LogPluginManager: Mounting plugin LevelSequenceEditor
LogPluginManager: Mounting plugin MatineeToLevelSequence
LogPluginManager: Mounting plugin NetcodeUnitTest
LogPluginManager: Mounting plugin NUTUnrealEngine4
LogPluginManager: Mounting plugin OnlineSubsystemGooglePlay
LogPluginManager: Mounting plugin OnlineSubsystemIOS
LogPluginManager: Mounting plugin OnlineSubsystem
LogPluginManager: Mounting plugin OnlineSubsystemNull
LogPluginManager: Mounting plugin OnlineSubsystemUtils
LogPluginManager: Mounting plugin LauncherChunkInstaller
LogPluginManager: Mounting plugin AndroidDeviceProfileSelector
LogPluginManager: Mounting plugin AndroidMoviePlayer
LogPluginManager: Mounting plugin AndroidPermission
LogPluginManager: Mounting plugin AppleImageUtils
LogPluginManager: Mounting plugin AppleMoviePlayer
LogPluginManager: Mounting plugin ArchVisCharacter
LogPluginManager: Mounting plugin AssetTags
LogPluginManager: Mounting plugin AudioCapture
LogPluginManager: Mounting plugin CableComponent
LogPluginManager: Mounting plugin CustomMeshComponent
LogPluginManager: Mounting plugin EditableMesh
LogPluginManager: Mounting plugin ExampleDeviceProfileSelector
LogPluginManager: Mounting plugin GoogleCloudMessaging
LogPluginManager: Mounting plugin IOSDeviceProfileSelector
LogPluginManager: Mounting plugin LinuxDeviceProfileSelector
LogPluginManager: Mounting plugin LocationServicesBPLibrary
LogPluginManager: Mounting plugin MobilePatchingUtils
LogPluginManager: Mounting plugin OculusVR
LogPluginManager: Mounting plugin PhysXVehicles
LogPluginManager: Mounting plugin PostSplashScreen
LogPluginManager: Mounting plugin ProceduralMeshComponent
LogPluginManager: Mounting plugin RuntimePhysXCooking
LogPluginManager: Mounting plugin SignificanceManager
LogPluginManager: Mounting plugin SteamVR
LogPluginManager: Mounting plugin WebMMoviePlayer
LogPluginManager: Mounting plugin WindowsMoviePlayer
LogPluginManager: Mounting plugin ScreenshotTools
LogInit: Using libcurl 7.55.1-DEV
LogInit:  - built for x86_64-pc-win32
LogInit:  - supports SSL with OpenSSL/1.1.1
LogInit:  - supports HTTP deflate (compression) using libz 1.2.8
LogInit:  - other features:
LogInit:      CURL_VERSION_SSL
LogInit:      CURL_VERSION_LIBZ
LogInit:      CURL_VERSION_IPV6
LogInit:      CURL_VERSION_ASYNCHDNS
LogInit:      CURL_VERSION_LARGEFILE
LogInit:      CURL_VERSION_IDN
LogInit:  CurlRequestOptions (configurable via config and command line):
LogInit:  - bVerifyPeer = true  - Libcurl will verify peer certificate
LogInit:  - bUseHttpProxy = false  - Libcurl will NOT use HTTP proxy
LogInit:  - bDontReuseConnections = false  - Libcurl will reuse connections
LogInit:  - MaxHostConnections = 16  - Libcurl will limit the number of connections to a host
LogInit:  - LocalHostAddr = Default
LogInit:  - BufferSize = 65536
LogOnline: OSS: Creating online subsystem instance for: NULL
LogInit: WinSock: version 1.1 (2.2), MaxSocks=32767, MaxUdp=65467
LogOnline: OSS: TryLoadSubsystemAndSetDefault: Loaded subsystem for module [NULL]
LogInit: Build: ++UE4+Release-4.24-CL-10757647
LogInit: Engine Version: 4.24.1-10757647+++UE4+Release-4.24
LogInit: Compatible Engine Version: 4.24.0-10570792+++UE4+Release-4.24
LogInit: Net CL: 10570792
LogInit: OS: Windows 10 (Release 1903) (), CPU: Intel(R) Core(TM) i7-8750H CPU @ 2.20GHz, GPU: NVIDIA GeForce GTX 1060
LogInit: Compiled (64-bit): Dec 17 2019 02:08:03
LogInit: Compiled with Visual C++: 19.16.27032.01
LogInit: Build Configuration: Development
LogInit: Branch Name: ++UE4+Release-4.24
LogInit: Command Line: 
LogInit: Base Directory: C:/Program Files/Epic Games/UE_4.24/Engine/Binaries/Win64/
LogInit: Installed Engine Build: 1
LogDevObjectVersion: Number of dev versions registered: 25
LogDevObjectVersion:   Dev-Blueprints (B0D832E4-1F89-4F0D-ACCF-7EB736FD4AA2): 10
LogDevObjectVersion:   Dev-Build (E1C64328-A22C-4D53-A36C-8E866417BD8C): 0
LogDevObjectVersion:   Dev-Core (375EC13C-06E4-48FB-B500-84F0262A717E): 3
LogDevObjectVersion:   Dev-Editor (E4B068ED-F494-42E9-A231-DA0B2E46BB41): 37
LogDevObjectVersion:   Dev-Framework (CFFC743F-43B0-4480-9391-14DF171D2073): 36
LogDevObjectVersion:   Dev-Mobile (B02B49B5-BB20-44E9-A304-32B752E40360): 2
LogDevObjectVersion:   Dev-Networking (A4E4105C-59A1-49B5-A7C5-40C4547EDFEE): 0
LogDevObjectVersion:   Dev-Online (39C831C9-5AE6-47DC-9A44-9C173E1C8E7C): 0
LogDevObjectVersion:   Dev-Physics (78F01B33-EBEA-4F98-B9B4-84EACCB95AA2): 2
LogDevObjectVersion:   Dev-Platform (6631380F-2D4D-43E0-8009-CF276956A95A): 0
LogDevObjectVersion:   Dev-Rendering (12F88B9F-8875-4AFC-A67C-D90C383ABD29): 36
LogDevObjectVersion:   Dev-Sequencer (7B5AE74C-D270-4C10-A958-57980B212A5A): 11
LogDevObjectVersion:   Dev-VR (D7296918-1DD6-4BDD-9DE2-64A83CC13884): 2
LogDevObjectVersion:   Dev-LoadTimes (C2A15278-BFE7-4AFE-6C17-90FF531DF755): 1
LogDevObjectVersion:   Private-Geometry (6EACA3D4-40EC-4CC1-B786-8BED09428FC5): 3
LogDevObjectVersion:   Dev-AnimPhys (29E575DD-E0A3-4627-9D10-D276232CDCEA): 17
LogDevObjectVersion:   Dev-Anim (AF43A65D-7FD3-4947-9873-3E8ED9C1BB05): 2
LogDevObjectVersion:   Dev-ReflectionCapture (6B266CEC-1EC7-4B8F-A30B-E4D90942FC07): 1
LogDevObjectVersion:   Dev-Automation (0DF73D61-A23F-47EA-B727-89E90C41499A): 1
LogDevObjectVersion:   FortniteMain (601D1886-AC64-4F84-AA16-D3DE0DEAC7D6): 31
LogDevObjectVersion:   Dev-Enterprise (9DFFBCD6-494F-0158-E221-12823C92A888): 8
LogDevObjectVersion:   Dev-Niagara (F2AED0AC-9AFE-416F-8664-AA7FFA26D6FC): 1
LogDevObjectVersion:   Dev-Destruction (174F1F0B-B4C6-45A5-B13F-2EE8D0FB917D): 9
LogDevObjectVersion:   Dev-Physics-Ext (35F94A83-E258-406C-A318-09F59610247C): 8
LogDevObjectVersion:   Dev-CineCamera (B2E18506-4273-CFC2-A54E-F4BB758BBA07): 1
LogInit: Presizing for max 25165824 objects, including 0 objects not considered by GC, pre-allocating 0 bytes for permanent pool.
LogInit: Object subsystem initialized
LogConfig: Setting CVar [[con.DebugEarlyDefault:1]]
LogConfig: Setting CVar [[r.setres:1280x720]]
[2020.01.30-17.02.42:294][  0]LogConfig: Setting CVar [[r.VSync:0]]
[2020.01.30-17.02.42:294][  0]LogConfig: Setting CVar [[r.RHICmdBypass:0]]
[2020.01.30-17.02.42:294][  0]LogConfig: Applying CVar settings from Section [/Script/Engine.RendererSettings] File [D:/P1 MOTORS VERSIO DEFINITIVA/MotorsDeJoc_Prac1_Def/P1/Saved/Config/Windows/Engine.ini]
[2020.01.30-17.02.42:294][  0]LogConfig: Setting CVar [[r.GPUCrashDebugging:0]]
[2020.01.30-17.02.42:294][  0]LogConfig: Applying CVar settings from Section [/Script/Engine.RendererOverrideSettings] File [D:/P1 MOTORS VERSIO DEFINITIVA/MotorsDeJoc_Prac1_Def/P1/Saved/Config/Windows/Engine.ini]
[2020.01.30-17.02.42:294][  0]LogConfig: Applying CVar settings from Section [/Script/Engine.StreamingSettings] File [D:/P1 MOTORS VERSIO DEFINITIVA/MotorsDeJoc_Prac1_Def/P1/Saved/Config/Windows/Engine.ini]
[2020.01.30-17.02.42:294][  0]LogConfig: Setting CVar [[s.MinBulkDataSizeForAsyncLoading:131072]]
[2020.01.30-17.02.42:294][  0]LogConfig: Setting CVar [[s.AsyncLoadingThreadEnabled:0]]
[2020.01.30-17.02.42:294][  0]LogConfig: Setting CVar [[s.EventDrivenLoaderEnabled:1]]
[2020.01.30-17.02.42:294][  0]LogConfig: Setting CVar [[s.WarnIfTimeLimitExceeded:0]]
[2020.01.30-17.02.42:294][  0]LogConfig: Setting CVar [[s.TimeLimitExceededMultiplier:1.5]]
[2020.01.30-17.02.42:294][  0]LogConfig: Setting CVar [[s.TimeLimitExceededMinTime:0.005]]
[2020.01.30-17.02.42:294][  0]LogConfig: Setting CVar [[s.UseBackgroundLevelStreaming:1]]
[2020.01.30-17.02.42:294][  0]LogConfig: Setting CVar [[s.PriorityAsyncLoadingExtraTime:15.0]]
[2020.01.30-17.02.42:294][  0]LogConfig: Setting CVar [[s.LevelStreamingActorsUpdateTimeLimit:5.0]]
[2020.01.30-17.02.42:294][  0]LogConfig: Setting CVar [[s.PriorityLevelStreamingActorsUpdateExtraTime:5.0]]
[2020.01.30-17.02.42:294][  0]LogConfig: Setting CVar [[s.LevelStreamingComponentsRegistrationGranularity:10]]
[2020.01.30-17.02.42:294][  0]LogConfig: Setting CVar [[s.UnregisterComponentsTimeLimit:1.0]]
[2020.01.30-17.02.42:294][  0]LogConfig: Setting CVar [[s.LevelStreamingComponentsUnregistrationGranularity:5]]
[2020.01.30-17.02.42:294][  0]LogConfig: Setting CVar [[s.FlushStreamingOnExit:1]]
[2020.01.30-17.02.42:294][  0]LogConfig: Applying CVar settings from Section [/Script/Engine.GarbageCollectionSettings] File [D:/P1 MOTORS VERSIO DEFINITIVA/MotorsDeJoc_Prac1_Def/P1/Saved/Config/Windows/Engine.ini]
[2020.01.30-17.02.42:294][  0]LogConfig: Setting CVar [[gc.MaxObjectsNotConsideredByGC:1]]
[2020.01.30-17.02.42:294][  0]LogConfig: Setting CVar [[gc.SizeOfPermanentObjectPool:0]]
[2020.01.30-17.02.42:294][  0]LogConfig: Setting CVar [[gc.FlushStreamingOnGC:0]]
[2020.01.30-17.02.42:294][  0]LogConfig: Setting CVar [[gc.NumRetriesBeforeForcingGC:10]]
[2020.01.30-17.02.42:294][  0]LogConfig: Setting CVar [[gc.AllowParallelGC:1]]
[2020.01.30-17.02.42:294][  0]LogConfig: Setting CVar [[gc.TimeBetweenPurgingPendingKillObjects:61.1]]
[2020.01.30-17.02.42:294][  0]LogConfig: Setting CVar [[gc.MaxObjectsInEditor:25165824]]
[2020.01.30-17.02.42:294][  0]LogConfig: Setting CVar [[gc.IncrementalBeginDestroyEnabled:1]]
[2020.01.30-17.02.42:294][  0]LogConfig: Setting CVar [[gc.CreateGCClusters:1]]
[2020.01.30-17.02.42:294][  0]LogConfig: Setting CVar [[gc.MinGCClusterSize:5]]
[2020.01.30-17.02.42:294][  0]LogConfig: Setting CVar [[gc.ActorClusteringEnabled:0]]
[2020.01.30-17.02.42:294][  0]LogConfig: Setting CVar [[gc.BlueprintClusteringEnabled:0]]
[2020.01.30-17.02.42:294][  0]LogConfig: Setting CVar [[gc.UseDisregardForGCOnDedicatedServers:0]]
[2020.01.30-17.02.42:294][  0]LogConfig: Applying CVar settings from Section [/Script/Engine.NetworkSettings] File [D:/P1 MOTORS VERSIO DEFINITIVA/MotorsDeJoc_Prac1_Def/P1/Saved/Config/Windows/Engine.ini]
[2020.01.30-17.02.42:294][  0]LogConfig: Applying CVar settings from Section [/Script/UnrealEd.CookerSettings] File [D:/P1 MOTORS VERSIO DEFINITIVA/MotorsDeJoc_Prac1_Def/P1/Saved/Config/Windows/Engine.ini]
[2020.01.30-17.02.42:296][  0]LogConfig: Applying CVar settings from Section [ViewDistanceQuality@3] File [D:/P1 MOTORS VERSIO DEFINITIVA/MotorsDeJoc_Prac1_Def/P1/Saved/Config/Windows/Scalability.ini]
[2020.01.30-17.02.42:296][  0]LogConfig: Setting CVar [[r.SkeletalMeshLODBias:0]]
[2020.01.30-17.02.42:296][  0]LogConfig: Setting CVar [[r.ViewDistanceScale:1.0]]
[2020.01.30-17.02.42:296][  0]LogConfig: Applying CVar settings from Section [AntiAliasingQuality@3] File [D:/P1 MOTORS VERSIO DEFINITIVA/MotorsDeJoc_Prac1_Def/P1/Saved/Config/Windows/Scalability.ini]
[2020.01.30-17.02.42:296][  0]LogConfig: Setting CVar [[r.PostProcessAAQuality:4]]
[2020.01.30-17.02.42:296][  0]LogConfig: Applying CVar settings from Section [ShadowQuality@3] File [D:/P1 MOTORS VERSIO DEFINITIVA/MotorsDeJoc_Prac1_Def/P1/Saved/Config/Windows/Scalability.ini]
[2020.01.30-17.02.42:296][  0]LogConfig: Setting CVar [[r.LightFunctionQuality:1]]
[2020.01.30-17.02.42:296][  0]LogConfig: Setting CVar [[r.ShadowQuality:5]]
[2020.01.30-17.02.42:296][  0]LogConfig: Setting CVar [[r.Shadow.CSM.MaxCascades:10]]
[2020.01.30-17.02.42:296][  0]LogConfig: Setting CVar [[r.Shadow.MaxResolution:2048]]
[2020.01.30-17.02.42:296][  0]LogConfig: Setting CVar [[r.Shadow.MaxCSMResolution:2048]]
[2020.01.30-17.02.42:297][  0]LogConfig: Setting CVar [[r.Shadow.RadiusThreshold:0.01]]
[2020.01.30-17.02.42:297][  0]LogConfig: Setting CVar [[r.Shadow.DistanceScale:1.0]]
[2020.01.30-17.02.42:297][  0]LogConfig: Setting CVar [[r.Shadow.CSM.TransitionScale:1.0]]
[2020.01.30-17.02.42:297][  0]LogConfig: Setting CVar [[r.Shadow.PreShadowResolutionFactor:1.0]]
[2020.01.30-17.02.42:297][  0]LogConfig: Setting CVar [[r.DistanceFieldShadowing:1]]
[2020.01.30-17.02.42:297][  0]LogConfig: Setting CVar [[r.DistanceFieldAO:1]]
[2020.01.30-17.02.42:297][  0]LogConfig: Setting CVar [[r.AOQuality:2]]
[2020.01.30-17.02.42:297][  0]LogConfig: Setting CVar [[r.VolumetricFog:1]]
[2020.01.30-17.02.42:297][  0]LogConfig: Setting CVar [[r.VolumetricFog.GridPixelSize:8]]
[2020.01.30-17.02.42:297][  0]LogConfig: Setting CVar [[r.VolumetricFog.GridSizeZ:128]]
[2020.01.30-17.02.42:297][  0]LogConfig: Setting CVar [[r.VolumetricFog.HistoryMissSupersampleCount:4]]
[2020.01.30-17.02.42:297][  0]LogConfig: Setting CVar [[r.LightMaxDrawDistanceScale:1]]
[2020.01.30-17.02.42:297][  0]LogConfig: Setting CVar [[r.CapsuleShadows:1]]
[2020.01.30-17.02.42:297][  0]LogConfig: Applying CVar settings from Section [PostProcessQuality@3] File [D:/P1 MOTORS VERSIO DEFINITIVA/MotorsDeJoc_Prac1_Def/P1/Saved/Config/Windows/Scalability.ini]
[2020.01.30-17.02.42:297][  0]LogConfig: Setting CVar [[r.MotionBlurQuality:4]]
[2020.01.30-17.02.42:297][  0]LogConfig: Setting CVar [[r.AmbientOcclusionMipLevelFactor:0.4]]
[2020.01.30-17.02.42:297][  0]LogConfig: Setting CVar [[r.AmbientOcclusionMaxQuality:100]]
[2020.01.30-17.02.42:297][  0]LogConfig: Setting CVar [[r.AmbientOcclusionLevels:-1]]
[2020.01.30-17.02.42:297][  0]LogConfig: Setting CVar [[r.AmbientOcclusionRadiusScale:1.0]]
[2020.01.30-17.02.42:297][  0]LogConfig: Setting CVar [[r.DepthOfFieldQuality:2]]
[2020.01.30-17.02.42:297][  0]LogConfig: Setting CVar [[r.RenderTargetPoolMin:400]]
[2020.01.30-17.02.42:297][  0]LogConfig: Setting CVar [[r.LensFlareQuality:2]]
[2020.01.30-17.02.42:297][  0]LogConfig: Setting CVar [[r.SceneColorFringeQuality:1]]
[2020.01.30-17.02.42:297][  0]LogConfig: Setting CVar [[r.EyeAdaptationQuality:2]]
[2020.01.30-17.02.42:297][  0]LogConfig: Setting CVar [[r.BloomQuality:5]]
[2020.01.30-17.02.42:297][  0]LogConfig: Setting CVar [[r.FastBlurThreshold:100]]
[2020.01.30-17.02.42:297][  0]LogConfig: Setting CVar [[r.Upscale.Quality:3]]
[2020.01.30-17.02.42:297][  0]LogConfig: Setting CVar [[r.Tonemapper.GrainQuantization:1]]
[2020.01.30-17.02.42:297][  0]LogConfig: Setting CVar [[r.LightShaftQuality:1]]
[2020.01.30-17.02.42:297][  0]LogConfig: Setting CVar [[r.Filter.SizeScale:1]]
[2020.01.30-17.02.42:297][  0]LogConfig: Setting CVar [[r.Tonemapper.Quality:5]]
[2020.01.30-17.02.42:297][  0]LogConfig: Setting CVar [[r.DOF.Gather.AccumulatorQuality:1        ; higher gathering accumulator quality]]
[2020.01.30-17.02.42:297][  0]LogConfig: Setting CVar [[r.DOF.Gather.PostfilterMethod:1          ; Median3x3 postfilering method]]
[2020.01.30-17.02.42:297][  0]LogConfig: Setting CVar [[r.DOF.Gather.EnableBokehSettings:0       ; no bokeh simulation when gathering]]
[2020.01.30-17.02.42:297][  0]LogConfig: Setting CVar [[r.DOF.Gather.RingCount:4                 ; medium number of samples when gathering]]
[2020.01.30-17.02.42:297][  0]LogConfig: Setting CVar [[r.DOF.Scatter.ForegroundCompositing:1    ; additive foreground scattering]]
[2020.01.30-17.02.42:297][  0]LogConfig: Setting CVar [[r.DOF.Scatter.BackgroundCompositing:2    ; additive background scattering]]
[2020.01.30-17.02.42:297][  0]LogConfig: Setting CVar [[r.DOF.Scatter.EnableBokehSettings:1      ; bokeh simulation when scattering]]
[2020.01.30-17.02.42:297][  0]LogConfig: Setting CVar [[r.DOF.Scatter.MaxSpriteRatio:0.1         ; only a maximum of 10% of scattered bokeh]]
[2020.01.30-17.02.42:297][  0]LogConfig: Setting CVar [[r.DOF.Recombine.Quality:1                ; cheap slight out of focus]]
[2020.01.30-17.02.42:297][  0]LogConfig: Setting CVar [[r.DOF.Recombine.EnableBokehSettings:0    ; no bokeh simulation on slight out of focus]]
[2020.01.30-17.02.42:297][  0]LogConfig: Setting CVar [[r.DOF.TemporalAAQuality:1                ; more stable temporal accumulation]]
[2020.01.30-17.02.42:297][  0]LogConfig: Setting CVar [[r.DOF.Kernel.MaxForegroundRadius:0.025]]
[2020.01.30-17.02.42:297][  0]LogConfig: Setting CVar [[r.DOF.Kernel.MaxBackgroundRadius:0.025]]
[2020.01.30-17.02.42:297][  0]LogConfig: Applying CVar settings from Section [TextureQuality@3] File [D:/P1 MOTORS VERSIO DEFINITIVA/MotorsDeJoc_Prac1_Def/P1/Saved/Config/Windows/Scalability.ini]
[2020.01.30-17.02.42:297][  0]LogConfig: Setting CVar [[r.Streaming.MipBias:0]]
[2020.01.30-17.02.42:297][  0]LogConfig: Setting CVar [[r.Streaming.AmortizeCPUToGPUCopy:0]]
[2020.01.30-17.02.42:297][  0]LogConfig: Setting CVar [[r.Streaming.MaxNumTexturesToStreamPerFrame:0]]
[2020.01.30-17.02.42:297][  0]LogConfig: Setting CVar [[r.Streaming.Boost:1]]
[2020.01.30-17.02.42:297][  0]LogConfig: Setting CVar [[r.MaxAnisotropy:8]]
[2020.01.30-17.02.42:297][  0]LogConfig: Setting CVar [[r.VT.MaxAnisotropy:8]]
[2020.01.30-17.02.42:297][  0]LogConfig: Setting CVar [[r.Streaming.LimitPoolSizeToVRAM:0]]
[2020.01.30-17.02.42:297][  0]LogConfig: Setting CVar [[r.Streaming.PoolSize:1000]]
[2020.01.30-17.02.42:297][  0]LogConfig: Setting CVar [[r.Streaming.MaxEffectiveScreenSize:0]]
[2020.01.30-17.02.42:297][  0]LogConfig: Applying CVar settings from Section [EffectsQuality@3] File [D:/P1 MOTORS VERSIO DEFINITIVA/MotorsDeJoc_Prac1_Def/P1/Saved/Config/Windows/Scalability.ini]
[2020.01.30-17.02.42:297][  0]LogConfig: Setting CVar [[r.TranslucencyLightingVolumeDim:64]]
[2020.01.30-17.02.42:297][  0]LogConfig: Setting CVar [[r.RefractionQuality:2]]
[2020.01.30-17.02.42:297][  0]LogConfig: Setting CVar [[r.SSR.Quality:3]]
[2020.01.30-17.02.42:297][  0]LogConfig: Setting CVar [[r.SSR.HalfResSceneColor:0]]
[2020.01.30-17.02.42:297][  0]LogConfig: Setting CVar [[r.SceneColorFormat:4]]
[2020.01.30-17.02.42:297][  0]LogConfig: Setting CVar [[r.DetailMode:2]]
[2020.01.30-17.02.42:297][  0]LogConfig: Setting CVar [[r.TranslucencyVolumeBlur:1]]
[2020.01.30-17.02.42:297][  0]LogConfig: Setting CVar [[r.MaterialQualityLevel:1 ; High quality]]
[2020.01.30-17.02.42:297][  0]LogConfig: Setting CVar [[r.SSS.Scale:1]]
[2020.01.30-17.02.42:297][  0]LogConfig: Setting CVar [[r.SSS.SampleSet:2]]
[2020.01.30-17.02.42:297][  0]LogConfig: Setting CVar [[r.SSS.Quality:1]]
[2020.01.30-17.02.42:297][  0]LogConfig: Setting CVar [[r.SSS.HalfRes:1]]
[2020.01.30-17.02.42:297][  0]LogConfig: Setting CVar [[r.SSGI.Quality:3]]
[2020.01.30-17.02.42:297][  0]LogConfig: Setting CVar [[r.EmitterSpawnRateScale:1.0]]
[2020.01.30-17.02.42:297][  0]LogConfig: Setting CVar [[r.ParticleLightQuality:2]]
[2020.01.30-17.02.42:297][  0]LogConfig: Setting CVar [[r.SkyAtmosphere.AerialPerspectiveLUT.FastApplyOnOpaque:1 ; Always have FastSkyLUT 1 in this case to avoid wrong sky]]
[2020.01.30-17.02.42:297][  0]LogConfig: Setting CVar [[r.SkyAtmosphere.AerialPerspectiveLUT.SampleCountPerSlice:1]]
[2020.01.30-17.02.42:297][  0]LogConfig: Setting CVar [[r.SkyAtmosphere.AerialPerspectiveLUT.DepthResolution:16.0]]
[2020.01.30-17.02.42:297][  0]LogConfig: Setting CVar [[r.SkyAtmosphere.FastSkyLUT:1]]
[2020.01.30-17.02.42:297][  0]LogConfig: Setting CVar [[r.SkyAtmosphere.FastSkyLUT.SampleCountMin:4.0]]
[2020.01.30-17.02.42:297][  0]LogConfig: Setting CVar [[r.SkyAtmosphere.FastSkyLUT.SampleCountMax:32.0]]
[2020.01.30-17.02.42:297][  0]LogConfig: Setting CVar [[r.SkyAtmosphere.SampleCountMin:4.0]]
[2020.01.30-17.02.42:297][  0]LogConfig: Setting CVar [[r.SkyAtmosphere.SampleCountMax:32.0]]
[2020.01.30-17.02.42:297][  0]LogConfig: Setting CVar [[r.SkyAtmosphere.TransmittanceLUT.UseSmallFormat:0]]
[2020.01.30-17.02.42:297][  0]LogConfig: Setting CVar [[r.SkyAtmosphere.TransmittanceLUT.SampleCount:10.0]]
[2020.01.30-17.02.42:297][  0]LogConfig: Setting CVar [[r.SkyAtmosphere.MultiScatteringLUT.SampleCount:15.0]]
[2020.01.30-17.02.42:297][  0]LogConfig: Applying CVar settings from Section [FoliageQuality@3] File [D:/P1 MOTORS VERSIO DEFINITIVA/MotorsDeJoc_Prac1_Def/P1/Saved/Config/Windows/Scalability.ini]
[2020.01.30-17.02.42:297][  0]LogConfig: Setting CVar [[foliage.DensityScale:1.0]]
[2020.01.30-17.02.42:298][  0]LogConfig: Setting CVar [[grass.DensityScale:1.0]]
[2020.01.30-17.02.42:298][  0]LogConfig: Applying CVar settings from Section [ShadingQuality@3] File [D:/P1 MOTORS VERSIO DEFINITIVA/MotorsDeJoc_Prac1_Def/P1/Saved/Config/Windows/Scalability.ini]
[2020.01.30-17.02.42:298][  0]LogConfig: Setting CVar [[r.HairStrands.SkyLighting.SampleCount:16]]
[2020.01.30-17.02.42:298][  0]LogConfig: Setting CVar [[r.HairStrands.SkyLighting.JitterIntegration:0]]
[2020.01.30-17.02.42:298][  0]LogConfig: Setting CVar [[r.HairStrands.SkyAO.SampleCount:16]]
[2020.01.30-17.02.42:298][  0]LogInit: Selected Device Profile: [Windows]
[2020.01.30-17.02.42:298][  0]LogInit: Applying CVar settings loaded from the selected device profile: [Windows]
[2020.01.30-17.02.42:305][  0]LogHAL: Display: Platform has ~ 16 GB [17052819456 / 17179869184 / 16], which maps to Larger [LargestMinGB=32, LargerMinGB=12, DefaultMinGB=8, SmallerMinGB=6, SmallestMinGB=0)
[2020.01.30-17.02.42:305][  0]LogInit: Going up to parent DeviceProfile []
[2020.01.30-17.02.42:305][  0]LogConfig: Applying CVar settings from Section [ViewDistanceQuality@3] File [D:/P1 MOTORS VERSIO DEFINITIVA/MotorsDeJoc_Prac1_Def/P1/Saved/Config/Windows/Scalability.ini]
[2020.01.30-17.02.42:305][  0]LogConfig: Setting CVar [[r.SkeletalMeshLODBias:0]]
[2020.01.30-17.02.42:305][  0]LogConfig: Setting CVar [[r.ViewDistanceScale:1.0]]
[2020.01.30-17.02.42:305][  0]LogConfig: Applying CVar settings from Section [AntiAliasingQuality@3] File [D:/P1 MOTORS VERSIO DEFINITIVA/MotorsDeJoc_Prac1_Def/P1/Saved/Config/Windows/Scalability.ini]
[2020.01.30-17.02.42:305][  0]LogConfig: Setting CVar [[r.PostProcessAAQuality:4]]
[2020.01.30-17.02.42:305][  0]LogConfig: Applying CVar settings from Section [ShadowQuality@3] File [D:/P1 MOTORS VERSIO DEFINITIVA/MotorsDeJoc_Prac1_Def/P1/Saved/Config/Windows/Scalability.ini]
[2020.01.30-17.02.42:305][  0]LogConfig: Setting CVar [[r.LightFunctionQuality:1]]
[2020.01.30-17.02.42:305][  0]LogConfig: Setting CVar [[r.ShadowQuality:5]]
[2020.01.30-17.02.42:305][  0]LogConfig: Setting CVar [[r.Shadow.CSM.MaxCascades:10]]
[2020.01.30-17.02.42:305][  0]LogConfig: Setting CVar [[r.Shadow.MaxResolution:2048]]
[2020.01.30-17.02.42:305][  0]LogConfig: Setting CVar [[r.Shadow.MaxCSMResolution:2048]]
[2020.01.30-17.02.42:305][  0]LogConfig: Setting CVar [[r.Shadow.RadiusThreshold:0.01]]
[2020.01.30-17.02.42:305][  0]LogConfig: Setting CVar [[r.Shadow.DistanceScale:1.0]]
[2020.01.30-17.02.42:305][  0]LogConfig: Setting CVar [[r.Shadow.CSM.TransitionScale:1.0]]
[2020.01.30-17.02.42:305][  0]LogConfig: Setting CVar [[r.Shadow.PreShadowResolutionFactor:1.0]]
[2020.01.30-17.02.42:305][  0]LogConfig: Setting CVar [[r.DistanceFieldShadowing:1]]
[2020.01.30-17.02.42:305][  0]LogConfig: Setting CVar [[r.DistanceFieldAO:1]]
[2020.01.30-17.02.42:305][  0]LogConfig: Setting CVar [[r.AOQuality:2]]
[2020.01.30-17.02.42:305][  0]LogConfig: Setting CVar [[r.VolumetricFog:1]]
[2020.01.30-17.02.42:305][  0]LogConfig: Setting CVar [[r.VolumetricFog.GridPixelSize:8]]
[2020.01.30-17.02.42:305][  0]LogConfig: Setting CVar [[r.VolumetricFog.GridSizeZ:128]]
[2020.01.30-17.02.42:305][  0]LogConfig: Setting CVar [[r.VolumetricFog.HistoryMissSupersampleCount:4]]
[2020.01.30-17.02.42:305][  0]LogConfig: Setting CVar [[r.LightMaxDrawDistanceScale:1]]
[2020.01.30-17.02.42:305][  0]LogConfig: Setting CVar [[r.CapsuleShadows:1]]
[2020.01.30-17.02.42:305][  0]LogConfig: Applying CVar settings from Section [PostProcessQuality@3] File [D:/P1 MOTORS VERSIO DEFINITIVA/MotorsDeJoc_Prac1_Def/P1/Saved/Config/Windows/Scalability.ini]
[2020.01.30-17.02.42:305][  0]LogConfig: Setting CVar [[r.MotionBlurQuality:4]]
[2020.01.30-17.02.42:305][  0]LogConfig: Setting CVar [[r.AmbientOcclusionMipLevelFactor:0.4]]
[2020.01.30-17.02.42:306][  0]LogConfig: Setting CVar [[r.AmbientOcclusionMaxQuality:100]]
[2020.01.30-17.02.42:306][  0]LogConfig: Setting CVar [[r.AmbientOcclusionLevels:-1]]
[2020.01.30-17.02.42:306][  0]LogConfig: Setting CVar [[r.AmbientOcclusionRadiusScale:1.0]]
[2020.01.30-17.02.42:306][  0]LogConfig: Setting CVar [[r.DepthOfFieldQuality:2]]
[2020.01.30-17.02.42:306][  0]LogConfig: Setting CVar [[r.RenderTargetPoolMin:400]]
[2020.01.30-17.02.42:306][  0]LogConfig: Setting CVar [[r.LensFlareQuality:2]]
[2020.01.30-17.02.42:306][  0]LogConfig: Setting CVar [[r.SceneColorFringeQuality:1]]
[2020.01.30-17.02.42:306][  0]LogConfig: Setting CVar [[r.EyeAdaptationQuality:2]]
[2020.01.30-17.02.42:306][  0]LogConfig: Setting CVar [[r.BloomQuality:5]]
[2020.01.30-17.02.42:306][  0]LogConfig: Setting CVar [[r.FastBlurThreshold:100]]
[2020.01.30-17.02.42:306][  0]LogConfig: Setting CVar [[r.Upscale.Quality:3]]
[2020.01.30-17.02.42:306][  0]LogConfig: Setting CVar [[r.Tonemapper.GrainQuantization:1]]
[2020.01.30-17.02.42:306][  0]LogConfig: Setting CVar [[r.LightShaftQuality:1]]
[2020.01.30-17.02.42:306][  0]LogConfig: Setting CVar [[r.Filter.SizeScale:1]]
[2020.01.30-17.02.42:306][  0]LogConfig: Setting CVar [[r.Tonemapper.Quality:5]]
[2020.01.30-17.02.42:306][  0]LogConfig: Setting CVar [[r.DOF.Gather.AccumulatorQuality:1        ; higher gathering accumulator quality]]
[2020.01.30-17.02.42:306][  0]LogConfig: Setting CVar [[r.DOF.Gather.PostfilterMethod:1          ; Median3x3 postfilering method]]
[2020.01.30-17.02.42:306][  0]LogConfig: Setting CVar [[r.DOF.Gather.EnableBokehSettings:0       ; no bokeh simulation when gathering]]
[2020.01.30-17.02.42:306][  0]LogConfig: Setting CVar [[r.DOF.Gather.RingCount:4                 ; medium number of samples when gathering]]
[2020.01.30-17.02.42:306][  0]LogConfig: Setting CVar [[r.DOF.Scatter.ForegroundCompositing:1    ; additive foreground scattering]]
[2020.01.30-17.02.42:306][  0]LogConfig: Setting CVar [[r.DOF.Scatter.BackgroundCompositing:2    ; additive background scattering]]
[2020.01.30-17.02.42:306][  0]LogConfig: Setting CVar [[r.DOF.Scatter.EnableBokehSettings:1      ; bokeh simulation when scattering]]
[2020.01.30-17.02.42:306][  0]LogConfig: Setting CVar [[r.DOF.Scatter.MaxSpriteRatio:0.1         ; only a maximum of 10% of scattered bokeh]]
[2020.01.30-17.02.42:306][  0]LogConfig: Setting CVar [[r.DOF.Recombine.Quality:1                ; cheap slight out of focus]]
[2020.01.30-17.02.42:306][  0]LogConfig: Setting CVar [[r.DOF.Recombine.EnableBokehSettings:0    ; no bokeh simulation on slight out of focus]]
[2020.01.30-17.02.42:306][  0]LogConfig: Setting CVar [[r.DOF.TemporalAAQuality:1                ; more stable temporal accumulation]]
[2020.01.30-17.02.42:306][  0]LogConfig: Setting CVar [[r.DOF.Kernel.MaxForegroundRadius:0.025]]
[2020.01.30-17.02.42:306][  0]LogConfig: Setting CVar [[r.DOF.Kernel.MaxBackgroundRadius:0.025]]
[2020.01.30-17.02.42:306][  0]LogConfig: Applying CVar settings from Section [TextureQuality@3] File [D:/P1 MOTORS VERSIO DEFINITIVA/MotorsDeJoc_Prac1_Def/P1/Saved/Config/Windows/Scalability.ini]
[2020.01.30-17.02.42:306][  0]LogConfig: Setting CVar [[r.Streaming.MipBias:0]]
[2020.01.30-17.02.42:306][  0]LogConfig: Setting CVar [[r.Streaming.AmortizeCPUToGPUCopy:0]]
[2020.01.30-17.02.42:306][  0]LogConfig: Setting CVar [[r.Streaming.MaxNumTexturesToStreamPerFrame:0]]
[2020.01.30-17.02.42:306][  0]LogConfig: Setting CVar [[r.Streaming.Boost:1]]
[2020.01.30-17.02.42:306][  0]LogConfig: Setting CVar [[r.MaxAnisotropy:8]]
[2020.01.30-17.02.42:306][  0]LogConfig: Setting CVar [[r.VT.MaxAnisotropy:8]]
[2020.01.30-17.02.42:306][  0]LogConfig: Setting CVar [[r.Streaming.LimitPoolSizeToVRAM:0]]
[2020.01.30-17.02.42:306][  0]LogConfig: Setting CVar [[r.Streaming.PoolSize:1000]]
[2020.01.30-17.02.42:306][  0]LogConfig: Setting CVar [[r.Streaming.MaxEffectiveScreenSize:0]]
[2020.01.30-17.02.42:306][  0]LogConfig: Applying CVar settings from Section [EffectsQuality@3] File [D:/P1 MOTORS VERSIO DEFINITIVA/MotorsDeJoc_Prac1_Def/P1/Saved/Config/Windows/Scalability.ini]
[2020.01.30-17.02.42:306][  0]LogConfig: Setting CVar [[r.TranslucencyLightingVolumeDim:64]]
[2020.01.30-17.02.42:306][  0]LogConfig: Setting CVar [[r.RefractionQuality:2]]
[2020.01.30-17.02.42:306][  0]LogConfig: Setting CVar [[r.SSR.Quality:3]]
[2020.01.30-17.02.42:306][  0]LogConfig: Setting CVar [[r.SSR.HalfResSceneColor:0]]
[2020.01.30-17.02.42:306][  0]LogConfig: Setting CVar [[r.SceneColorFormat:4]]
[2020.01.30-17.02.42:306][  0]LogConfig: Setting CVar [[r.DetailMode:2]]
[2020.01.30-17.02.42:306][  0]LogConfig: Setting CVar [[r.TranslucencyVolumeBlur:1]]
[2020.01.30-17.02.42:306][  0]LogConfig: Setting CVar [[r.MaterialQualityLevel:1 ; High quality]]
[2020.01.30-17.02.42:306][  0]LogConfig: Setting CVar [[r.SSS.Scale:1]]
[2020.01.30-17.02.42:306][  0]LogConfig: Setting CVar [[r.SSS.SampleSet:2]]
[2020.01.30-17.02.42:306][  0]LogConfig: Setting CVar [[r.SSS.Quality:1]]
[2020.01.30-17.02.42:306][  0]LogConfig: Setting CVar [[r.SSS.HalfRes:1]]
[2020.01.30-17.02.42:306][  0]LogConfig: Setting CVar [[r.SSGI.Quality:3]]
[2020.01.30-17.02.42:306][  0]LogConfig: Setting CVar [[r.EmitterSpawnRateScale:1.0]]
[2020.01.30-17.02.42:306][  0]LogConfig: Setting CVar [[r.ParticleLightQuality:2]]
[2020.01.30-17.02.42:306][  0]LogConfig: Setting CVar [[r.SkyAtmosphere.AerialPerspectiveLUT.FastApplyOnOpaque:1 ; Always have FastSkyLUT 1 in this case to avoid wrong sky]]
[2020.01.30-17.02.42:306][  0]LogConfig: Setting CVar [[r.SkyAtmosphere.AerialPerspectiveLUT.SampleCountPerSlice:1]]
[2020.01.30-17.02.42:306][  0]LogConfig: Setting CVar [[r.SkyAtmosphere.AerialPerspectiveLUT.DepthResolution:16.0]]
[2020.01.30-17.02.42:306][  0]LogConfig: Setting CVar [[r.SkyAtmosphere.FastSkyLUT:1]]
[2020.01.30-17.02.42:306][  0]LogConfig: Setting CVar [[r.SkyAtmosphere.FastSkyLUT.SampleCountMin:4.0]]
[2020.01.30-17.02.42:306][  0]LogConfig: Setting CVar [[r.SkyAtmosphere.FastSkyLUT.SampleCountMax:32.0]]
[2020.01.30-17.02.42:306][  0]LogConfig: Setting CVar [[r.SkyAtmosphere.SampleCountMin:4.0]]
[2020.01.30-17.02.42:306][  0]LogConfig: Setting CVar [[r.SkyAtmosphere.SampleCountMax:32.0]]
[2020.01.30-17.02.42:306][  0]LogConfig: Setting CVar [[r.SkyAtmosphere.TransmittanceLUT.UseSmallFormat:0]]
[2020.01.30-17.02.42:306][  0]LogConfig: Setting CVar [[r.SkyAtmosphere.TransmittanceLUT.SampleCount:10.0]]
[2020.01.30-17.02.42:306][  0]LogConfig: Setting CVar [[r.SkyAtmosphere.MultiScatteringLUT.SampleCount:15.0]]
[2020.01.30-17.02.42:306][  0]LogConfig: Applying CVar settings from Section [FoliageQuality@3] File [D:/P1 MOTORS VERSIO DEFINITIVA/MotorsDeJoc_Prac1_Def/P1/Saved/Config/Windows/Scalability.ini]
[2020.01.30-17.02.42:306][  0]LogConfig: Setting CVar [[foliage.DensityScale:1.0]]
[2020.01.30-17.02.42:306][  0]LogConfig: Setting CVar [[grass.DensityScale:1.0]]
[2020.01.30-17.02.42:306][  0]LogConfig: Applying CVar settings from Section [ShadingQuality@3] File [D:/P1 MOTORS VERSIO DEFINITIVA/MotorsDeJoc_Prac1_Def/P1/Saved/Config/Windows/Scalability.ini]
[2020.01.30-17.02.42:306][  0]LogConfig: Setting CVar [[r.HairStrands.SkyLighting.SampleCount:16]]
[2020.01.30-17.02.42:306][  0]LogConfig: Setting CVar [[r.HairStrands.SkyLighting.JitterIntegration:0]]
[2020.01.30-17.02.42:306][  0]LogConfig: Setting CVar [[r.HairStrands.SkyAO.SampleCount:16]]
[2020.01.30-17.02.42:306][  0]LogConfig: Applying CVar settings from Section [Startup] File [../../../Engine/Config/ConsoleVariables.ini]
[2020.01.30-17.02.42:310][  0]LogConfig: Setting CVar [[net.UseAdaptiveNetUpdateFrequency:0]]
[2020.01.30-17.02.42:310][  0]LogConfig: Setting CVar [[p.chaos.AllowCreatePhysxBodies:1]]
[2020.01.30-17.02.42:310][  0]LogConfig: Applying CVar settings from Section [ConsoleVariables] File [D:/P1 MOTORS VERSIO DEFINITIVA/MotorsDeJoc_Prac1_Def/P1/Saved/Config/Windows/Engine.ini]
[2020.01.30-17.02.42:311][  0]LogInit: Computer: HP-LAPTOP-GAMER
[2020.01.30-17.02.42:311][  0]LogInit: User: Gemma
[2020.01.30-17.02.42:311][  0]LogInit: CPU Page size=4096, Cores=6
[2020.01.30-17.02.42:311][  0]LogInit: High frequency timer resolution =10.000000 MHz
[2020.01.30-17.02.42:311][  0]LogMemory: Memory total: Physical=15.9GB (16GB approx)
[2020.01.30-17.02.42:311][  0]LogMemory: Platform Memory Stats for Windows
[2020.01.30-17.02.42:311][  0]LogMemory: Process Physical Memory: 105.87 MB used, 105.87 MB peak
[2020.01.30-17.02.42:311][  0]LogMemory: Process Virtual Memory: 101.71 MB used, 101.71 MB peak
[2020.01.30-17.02.42:311][  0]LogMemory: Physical Memory: 6303.17 MB used,  9959.66 MB free, 16262.84 MB total
[2020.01.30-17.02.42:311][  0]LogMemory: Virtual Memory: 5159.21 MB used,  134212568.00 MB free, 134217728.00 MB total
[2020.01.30-17.02.42:324][  0]LogWindows: WindowsPlatformFeatures enabled
[2020.01.30-17.02.42:570][  0]LogInit: Overriding language with editor language configuration option (en).
[2020.01.30-17.02.42:570][  0]LogInit: Overriding locale with editor locale configuration option (en).
[2020.01.30-17.02.42:743][  0]LogInit: Setting process to per monitor DPI aware
[2020.01.30-17.02.42:804][  0]LogSlate: New Slate User Created.  User Index 0, Is Virtual User: 0
[2020.01.30-17.02.42:804][  0]LogSlate: Slate User Registered.  User Index 0, Is Virtual User: 0
[2020.01.30-17.02.44:798][  0]LogHMD: Failed to initialize OpenVR with code 110
[2020.01.30-17.02.44:798][  0]LogD3D11RHI: D3D11 min allowed feature level: 11_0
[2020.01.30-17.02.44:798][  0]LogD3D11RHI: D3D11 max allowed feature level: 11_0
[2020.01.30-17.02.44:798][  0]LogD3D11RHI: D3D11 adapters:
[2020.01.30-17.02.44:930][  0]LogD3D11RHI:    0. 'NVIDIA GeForce GTX 1060' (Feature Level 11_0)
[2020.01.30-17.02.44:930][  0]LogD3D11RHI:       6052/0/8131 MB DedicatedVideo/DedicatedSystem/SharedSystem, Outputs:1, VendorId:0x10de
[2020.01.30-17.02.44:932][  0]LogD3D11RHI:    1. 'Microsoft Basic Render Driver' (Feature Level 11_0)
[2020.01.30-17.02.44:932][  0]LogD3D11RHI:       0/0/8131 MB DedicatedVideo/DedicatedSystem/SharedSystem, Outputs:0, VendorId:0x1414
[2020.01.30-17.02.44:932][  0]LogD3D11RHI: Chosen D3D11 Adapter: 0
[2020.01.30-17.02.44:940][  0]LogD3D11RHI: Creating new Direct3DDevice
[2020.01.30-17.02.44:940][  0]LogD3D11RHI:     GPU DeviceId: 0x1c60 (for the marketing name, search the web for "GPU Device Id")
[2020.01.30-17.02.44:940][  0]LogWindows: EnumDisplayDevices:
[2020.01.30-17.02.44:941][  0]LogWindows:    0. 'NVIDIA GeForce GTX 1060' (P:1 D:1)
[2020.01.30-17.02.44:941][  0]LogWindows:    1. 'NVIDIA GeForce GTX 1060' (P:0 D:0)
[2020.01.30-17.02.44:941][  0]LogWindows:    2. 'NVIDIA GeForce GTX 1060' (P:0 D:0)
[2020.01.30-17.02.44:942][  0]LogWindows:    3. 'NVIDIA GeForce GTX 1060' (P:0 D:0)
[2020.01.30-17.02.44:942][  0]LogWindows: DebugString: FoundDriverCount:4 
[2020.01.30-17.02.44:942][  0]LogD3D11RHI:     Adapter Name: NVIDIA GeForce GTX 1060
[2020.01.30-17.02.44:942][  0]LogD3D11RHI:   Driver Version: 430.86 (internal:26.21.14.3086, unified:430.86)
[2020.01.30-17.02.44:942][  0]LogD3D11RHI:      Driver Date: 5-22-2019
[2020.01.30-17.02.44:942][  0]LogRHI: Texture pool is 4236 MB (70% of 6052 MB)
[2020.01.30-17.02.44:981][  0]LogD3D11RHI: RHI has support for 64 bit atomics
[2020.01.30-17.02.44:982][  0]LogD3D11RHI: Async texture creation enabled
[2020.01.30-17.02.44:995][  0]LogD3D11RHI: GPU Timing Frequency: 1000.000000 (Debug: 2 1)
[2020.01.30-17.02.45:428][  0]LogTargetPlatformManager: Display: Loaded TargetPlatform 'AllDesktop'
[2020.01.30-17.02.45:473][  0]LogTargetPlatformManager: Display: Loaded TargetPlatform 'Android'
[2020.01.30-17.02.45:473][  0]LogTargetPlatformManager: Display: Loaded TargetPlatform 'Android_ASTC'
[2020.01.30-17.02.45:473][  0]LogTargetPlatformManager: Display: Loaded TargetPlatform 'Android_ATC'
[2020.01.30-17.02.45:473][  0]LogTargetPlatformManager: Display: Loaded TargetPlatform 'Android_DXT'
[2020.01.30-17.02.45:473][  0]LogTargetPlatformManager: Display: Loaded TargetPlatform 'Android_ETC1'
[2020.01.30-17.02.45:473][  0]LogTargetPlatformManager: Display: Loaded TargetPlatform 'Android_ETC1a'
[2020.01.30-17.02.45:473][  0]LogTargetPlatformManager: Display: Loaded TargetPlatform 'Android_ETC2'
[2020.01.30-17.02.45:473][  0]LogTargetPlatformManager: Display: Loaded TargetPlatform 'Android_PVRTC'
[2020.01.30-17.02.45:473][  0]LogTargetPlatformManager: Display: Loaded TargetPlatform 'AndroidClient'
[2020.01.30-17.02.45:473][  0]LogTargetPlatformManager: Display: Loaded TargetPlatform 'Android_ASTCClient'
[2020.01.30-17.02.45:473][  0]LogTargetPlatformManager: Display: Loaded TargetPlatform 'Android_ATCClient'
[2020.01.30-17.02.45:473][  0]LogTargetPlatformManager: Display: Loaded TargetPlatform 'Android_DXTClient'
[2020.01.30-17.02.45:473][  0]LogTargetPlatformManager: Display: Loaded TargetPlatform 'Android_ETC1Client'
[2020.01.30-17.02.45:473][  0]LogTargetPlatformManager: Display: Loaded TargetPlatform 'Android_ETC1aClient'
[2020.01.30-17.02.45:473][  0]LogTargetPlatformManager: Display: Loaded TargetPlatform 'Android_ETC2Client'
[2020.01.30-17.02.45:473][  0]LogTargetPlatformManager: Display: Loaded TargetPlatform 'Android_PVRTCClient'
[2020.01.30-17.02.45:473][  0]LogTargetPlatformManager: Display: Loaded TargetPlatform 'Android_Multi'
[2020.01.30-17.02.45:473][  0]LogTargetPlatformManager: Display: Loaded TargetPlatform 'Android_MultiClient'
[2020.01.30-17.02.45:535][  0]LogTargetPlatformManager: Display: Loaded TargetPlatform 'IOSClient'
[2020.01.30-17.02.45:535][  0]LogTargetPlatformManager: Display: Loaded TargetPlatform 'IOS'
[2020.01.30-17.02.45:553][  0]LogTargetPlatformManager: Display: Loaded TargetPlatform 'LinuxNoEditor'
[2020.01.30-17.02.45:572][  0]LogTargetPlatformManager: Display: Loaded TargetPlatform 'LinuxClient'
[2020.01.30-17.02.45:591][  0]LogTargetPlatformManager: Display: Loaded TargetPlatform 'LinuxServer'
[2020.01.30-17.02.45:610][  0]LogTargetPlatformManager: Display: Loaded TargetPlatform 'LinuxAArch64NoEditor'
[2020.01.30-17.02.45:628][  0]LogTargetPlatformManager: Display: Loaded TargetPlatform 'LinuxAArch64Client'
[2020.01.30-17.02.45:647][  0]LogTargetPlatformManager: Display: Loaded TargetPlatform 'LinuxAArch64Server'
[2020.01.30-17.02.45:683][  0]LogTargetPlatformManager: Display: Loaded TargetPlatform 'Lumin'
[2020.01.30-17.02.45:683][  0]LogTargetPlatformManager: Display: Loaded TargetPlatform 'LuminClient'
[2020.01.30-17.02.45:707][  0]LogTargetPlatformManager: Display: Loaded TargetPlatform 'TVOSClient'
[2020.01.30-17.02.45:707][  0]LogTargetPlatformManager: Display: Loaded TargetPlatform 'TVOS'
[2020.01.30-17.02.45:726][  0]LogTargetPlatformManager: Display: Loaded TargetPlatform 'WindowsNoEditor'
[2020.01.30-17.02.45:746][  0]LogTargetPlatformManager: Display: Loaded TargetPlatform 'Windows'
[2020.01.30-17.02.45:765][  0]LogTargetPlatformManager: Display: Loaded TargetPlatform 'WindowsClient'
[2020.01.30-17.02.45:784][  0]LogTargetPlatformManager: Display: Loaded TargetPlatform 'WindowsServer'
[2020.01.30-17.02.45:784][  0]LogTargetPlatformManager: Display: Building Assets For Windows
[2020.01.30-17.02.45:844][  0]LogAudioDebug: Display: Lib vorbis DLL was dynamically loaded.
[2020.01.30-17.02.46:152][  0]LogShaderCompilers: Guid format shader working directory is -9 characters bigger than the processId version (D:/P1 MOTORS VERSIO DEFINITIVA/MotorsDeJoc_Prac1_Def/P1/Intermediate/Shaders/WorkingDirectory/4456/).
[2020.01.30-17.02.46:152][  0]LogShaderCompilers: Cleaned the shader compiler working directory 'C:/Users/Gemma/AppData/Local/Temp/UnrealShaderWorkingDir/68233E8B418893864174A180033C24A7/'.
[2020.01.30-17.02.46:153][  0]LogXGEController: Cleaning working directory: C:/Users/Gemma/AppData/Local/Temp/UnrealXGEWorkingDir/
[2020.01.30-17.02.46:153][  0]LogXGEController: Cannot use XGE Controller as Incredibuild is not installed on this machine.
[2020.01.30-17.02.46:153][  0]LogShaderCompilers: Cannot use XGE Shader Compiler as Incredibuild is not installed on this machine.
[2020.01.30-17.02.46:153][  0]LogShaderCompilers: Display: Using Local Shader Compiler.
[2020.01.30-17.02.48:571][  0]LogDerivedDataCache: Display: Max Cache Size: 512 MB
[2020.01.30-17.02.48:632][  0]LogDerivedDataCache: Loaded boot cache 0.06s 78MB C:/Users/Gemma/AppData/Local/UnrealEngine/4.24/DerivedDataCache/Boot.ddc.
[2020.01.30-17.02.48:632][  0]LogDerivedDataCache: Display: Loaded Boot cache: C:/Users/Gemma/AppData/Local/UnrealEngine/4.24/DerivedDataCache/Boot.ddc
[2020.01.30-17.02.48:632][  0]LogDerivedDataCache: FDerivedDataBackendGraph:  Pak pak cache file D:/P1 MOTORS VERSIO DEFINITIVA/MotorsDeJoc_Prac1_Def/P1/DerivedDataCache/DDC.ddp not found, will not use a pak cache.
[2020.01.30-17.02.48:632][  0]LogDerivedDataCache: Unable to find inner node Pak for hierarchical cache Hierarchy.
[2020.01.30-17.02.48:632][  0]LogDerivedDataCache: FDerivedDataBackendGraph:  CompressedPak pak cache file D:/P1 MOTORS VERSIO DEFINITIVA/MotorsDeJoc_Prac1_Def/P1/DerivedDataCache/Compressed.ddp not found, will not use a pak cache.
[2020.01.30-17.02.48:632][  0]LogDerivedDataCache: Unable to find inner node CompressedPak for hierarchical cache Hierarchy.
[2020.01.30-17.02.48:645][  0]LogDerivedDataCache: Display: Pak cache opened for reading ../../../Engine/DerivedDataCache/Compressed.ddp.
[2020.01.30-17.02.48:645][  0]LogDerivedDataCache: FDerivedDataBackendGraph:  EnterprisePak pak cache file ../../../Enterprise/DerivedDataCache/Compressed.ddp not found, will not use a pak cache.
[2020.01.30-17.02.48:645][  0]LogDerivedDataCache: Unable to find inner node EnterprisePak for hierarchical cache Hierarchy.
[2020.01.30-17.02.48:646][  0]LogDerivedDataCache: Using Local data cache path C:/Users/Gemma/AppData/Local/UnrealEngine/Common/DerivedDataCache: Writable
[2020.01.30-17.02.48:646][  0]LogDerivedDataCache: Shared data cache path not found in *engine.ini, will not use an Shared cache.
[2020.01.30-17.02.48:646][  0]LogDerivedDataCache: Unable to find inner node Shared for hierarchical cache Hierarchy.
[2020.01.30-17.02.48:667][  0]LogMaterial: Verifying Global Shaders for PCD3D_SM5
[2020.01.30-17.02.48:669][  0]LogSlate: Using FreeType 2.10.0
[2020.01.30-17.02.48:677][  0]LogSlate: SlateFontServices - WITH_FREETYPE: 1, WITH_HARFBUZZ: 1
[2020.01.30-17.02.48:864][  0]LogAssetRegistry: FAssetRegistry took 0.0021 seconds to start up
[2020.01.30-17.02.49:120][  0]LogInit: Selected Device Profile: [Windows]
[2020.01.30-17.02.49:470][  0]LogMeshReduction: Using QuadricMeshReduction for automatic static mesh reduction
[2020.01.30-17.02.49:470][  0]LogMeshReduction: Using SimplygonMeshReduction for automatic skeletal mesh reduction
[2020.01.30-17.02.49:470][  0]LogMeshReduction: Using ProxyLODMeshReduction for automatic mesh merging
[2020.01.30-17.02.49:470][  0]LogMeshReduction: No distributed automatic mesh merging module available
[2020.01.30-17.02.49:470][  0]LogMeshMerging: No distributed automatic mesh merging module available
[2020.01.30-17.02.49:496][  0]LogNetVersion: P1 1.0.0, NetCL: 10570792, EngineNetVer: 13, GameNetVer: 0 (Checksum: 3119126123)
[2020.01.30-17.02.52:150][  0]LogPackageLocalizationCache: Processed 10 localized package path(s) for 1 prioritized culture(s) in 0.065265 seconds
[2020.01.30-17.02.52:156][  0]LogUObjectArray: 46750 objects as part of root set at end of initial load.
[2020.01.30-17.02.52:156][  0]LogUObjectAllocator: 8137160 out of 0 bytes used by permanent object pool.
[2020.01.30-17.02.52:156][  0]LogUObjectArray: CloseDisregardForGC: 0/0 objects in disregard for GC pool
[2020.01.30-17.02.53:642][  0]LogTcpMessaging: Initializing TcpMessaging bridge
[2020.01.30-17.02.53:658][  0]LogUdpMessaging: Initializing bridge on interface 0.0.0.0:0 to multicast group 230.0.0.1:6666.
[2020.01.30-17.02.53:922][  0]SourceControl: Source control is disabled
[2020.01.30-17.02.53:922][  0]SourceControl: Source control is disabled
[2020.01.30-17.02.53:951][  0]SourceControl: Source control is disabled
[2020.01.30-17.02.53:965][  0]SourceControl: Source control is disabled
[2020.01.30-17.02.53:979][  0]SourceControl: Source control is disabled
[2020.01.30-17.02.54:566][  0]LogAndroidPermission: UAndroidPermissionCallbackProxy::GetInstance
[2020.01.30-17.02.54:647][  0]LogAudioCaptureCore: Display: No Audio Capture implementations found. Audio input will be silent.
[2020.01.30-17.02.54:647][  0]LogAudioCaptureCore: Display: No Audio Capture implementations found. Audio input will be silent.
[2020.01.30-17.02.54:857][  0]LogOcInput: OculusInput pre-init called
[2020.01.30-17.02.54:891][  0]LogWindows: Failed to load 'OVRPlugin.dll' (GetLastError=126)
[2020.01.30-17.02.54:891][  0]LogWindows: File 'OVRPlugin.dll' does not exist
[2020.01.30-17.02.55:023][  0]LogEngine: Initializing Engine...
[2020.01.30-17.02.55:024][  0]LogHMD: Failed to initialize OpenVR with code 110
[2020.01.30-17.02.55:025][  0]LogStats: UGameplayTagsManager::InitializeManager -  0.000 s
[2020.01.30-17.02.55:422][  0]LogInit: Initializing FReadOnlyCVARCache
[2020.01.30-17.02.55:446][  0]LogAIModule: Creating AISystem for world Untitled
[2020.01.30-17.02.55:512][  0]LogAudioMixer: Display: Audio Mixer Platform Settings:
[2020.01.30-17.02.55:512][  0]LogAudioMixer: Display: 	Sample Rate:						  48000
[2020.01.30-17.02.55:512][  0]LogAudioMixer: Display: 	Callback Buffer Frame Size Requested: 1024
[2020.01.30-17.02.55:512][  0]LogAudioMixer: Display: 	Callback Buffer Frame Size To Use:	  1024
[2020.01.30-17.02.55:512][  0]LogAudioMixer: Display: 	Number of buffers to queue:			  2
[2020.01.30-17.02.55:512][  0]LogAudioMixer: Display: 	Max Channels (voices):				  32
[2020.01.30-17.02.55:512][  0]LogAudioMixer: Display: 	Number of Async Source Workers:		  0
[2020.01.30-17.02.55:512][  0]LogAudio: Display: AudioDevice MaxSources: 32
[2020.01.30-17.02.55:513][  0]LogAudio: Display: Using built-in audio occlusion.
[2020.01.30-17.02.55:513][  0]LogAudioMixer: Display: Initializing audio mixer.
[2020.01.30-17.02.55:545][  0]LogAudioMixer: Display: Audio Device Output Speaker Info:
[2020.01.30-17.02.55:545][  0]LogAudioMixer: Display: Name: Speaker / Headphone (Realtek(R) Audio)
[2020.01.30-17.02.55:545][  0]LogAudioMixer: Display: Is Default: Yes
[2020.01.30-17.02.55:545][  0]LogAudioMixer: Display: Sample Rate: 48000
[2020.01.30-17.02.55:545][  0]LogAudioMixer: Display: Channel Count Used: 2
[2020.01.30-17.02.55:545][  0]LogAudioMixer: Display: Device Channel Count: 2
[2020.01.30-17.02.55:545][  0]LogAudioMixer: Display: Channel Order:
[2020.01.30-17.02.55:545][  0]LogAudioMixer: Display: 0: FrontLeft
[2020.01.30-17.02.55:545][  0]LogAudioMixer: Display: 1: FrontRight
[2020.01.30-17.02.56:422][  0]LogAudioMixer: Display: Using Audio Device Speaker / Headphone (Realtek(R) Audio)
[2020.01.30-17.02.56:427][  0]LogInit: FAudioDevice initialized.
[2020.01.30-17.02.56:427][  0]LogNetVersion: Set ProjectVersion to 1.0.0.0. Version Checksum will be recalculated on next use.
[2020.01.30-17.02.56:567][  0]LogDerivedDataCache: Saved boot cache 0.14s 78MB C:/Users/Gemma/AppData/Local/UnrealEngine/4.24/DerivedDataCache/Boot.ddc.
[2020.01.30-17.02.56:567][  0]LogInit: Texture streaming: Enabled
[2020.01.30-17.02.56:624][  0]LogEngineSessionManager: EngineSessionManager initialized
[2020.01.30-17.02.56:624][  0]LogEditorSessionSummary: Verbose: Initializing EditorSessionSummaryWriter for editor session tracking
[2020.01.30-17.02.56:630][  0]LogEditorSessionSummary: EditorSessionSummaryWriter initialized
[2020.01.30-17.02.56:685][  0]LogInit: Transaction tracking system initialized
[2020.01.30-17.02.56:771][  0]BlueprintLog: New page: Editor Load
[2020.01.30-17.02.57:042][  0]LocalizationService: Localization service is disabled
[2020.01.30-17.02.57:656][  0]LogFileCache: Scanning file cache for directory 'D:/P1 MOTORS VERSIO DEFINITIVA/MotorsDeJoc_Prac1_Def/P1/Content/' took 0.00s
[2020.01.30-17.02.57:656][  0]LogCook: Display: Max memory allowance for cook 16384mb min free memory 0mb
[2020.01.30-17.02.57:656][  0]LogCook: Display: Mobile HDR setting 1
[2020.01.30-17.02.58:948][  0]SourceControl: Source control is disabled
[2020.01.30-17.02.58:948][  0]Cmd: MAP LOAD FILE="D:/P1 MOTORS VERSIO DEFINITIVA/MotorsDeJoc_Prac1_Def/P1/Content/ThirdPersonBP/Maps/ThirdPersonExampleMap.umap" TEMPLATE=0 SHOWPROGRESS=1 FEATURELEVEL=3
[2020.01.30-17.02.58:951][  0]LightingResults: New page: Lighting Build
[2020.01.30-17.02.58:951][  0]LogWorld: UWorld::CleanupWorld for Untitled, bSessionEnded=true, bCleanupResources=true
[2020.01.30-17.02.58:951][  0]LogSlate: InvalidateAllWidgets triggered.  All widgets were invalidated
[2020.01.30-17.02.58:951][  0]MapCheck: New page: Map Check
[2020.01.30-17.02.58:951][  0]LightingResults: New page: Lighting Build
[2020.01.30-17.02.58:978][  0]LogUObjectHash: Compacting FUObjectHashTables data took   1.52ms
[2020.01.30-17.02.59:196][  0]LogLinker: Warning: While loading 'D:/P1 MOTORS VERSIO DEFINITIVA/MotorsDeJoc_Prac1_Def/P1/Content/ThirdPersonBP/Materials/LandscapeMaterial.uasset' failed to load '/Game/ThirdPersonBP/Materials/flor': Can't find file.
[2020.01.30-17.02.59:196][  0]LogLinker: Warning: While loading 'D:/P1 MOTORS VERSIO DEFINITIVA/MotorsDeJoc_Prac1_Def/P1/Content/ThirdPersonBP/Materials/LandscapeMaterial.uasset' failed to load '/Game/ThirdPersonBP/Materials/flor': Can't find file.
[2020.01.30-17.02.59:201][  0]LogLinker: Warning: While loading 'D:/P1 MOTORS VERSIO DEFINITIVA/MotorsDeJoc_Prac1_Def/P1/Content/ThirdPersonBP/Materials/LandscapeMaterial.uasset' failed to load '/Game/ThirdPersonBP/Materials/flor': Can't find file.
[2020.01.30-17.02.59:201][  0]LogLinker: Warning: While loading 'D:/P1 MOTORS VERSIO DEFINITIVA/MotorsDeJoc_Prac1_Def/P1/Content/ThirdPersonBP/Materials/LandscapeMaterial.uasset' failed to load '/Game/ThirdPersonBP/Materials/flor': Can't find file.
[2020.01.30-17.02.59:612][  0]LogLinker: Warning: While loading 'D:/P1 MOTORS VERSIO DEFINITIVA/MotorsDeJoc_Prac1_Def/P1/Content/ThirdPersonBP/Materials/LandscapeMaterial.uasset' failed to load '/Game/ThirdPersonBP/Materials/flor': Can't find file.
[2020.01.30-17.02.59:612][  0]LoadErrors: Failed to load /Game/ThirdPersonBP/Materials/flor.flor Referenced by MaterialExpressionTextureSample_2
[2020.01.30-17.02.59:612][  0]LogLinker: Warning: While loading 'D:/P1 MOTORS VERSIO DEFINITIVA/MotorsDeJoc_Prac1_Def/P1/Content/ThirdPersonBP/Materials/LandscapeMaterial.uasset' failed to load '/Game/ThirdPersonBP/Materials/flor': Can't find file.
[2020.01.30-17.02.59:612][  0]LoadErrors: Failed to load /Game/ThirdPersonBP/Materials/flor.flor Referenced by MaterialExpressionTextureSample_2
[2020.01.30-17.02.59:917][  0]LogMaterial: Display: Missing cached shader map for material LandscapeMaterial, compiling. 
[2020.01.30-17.02.59:918][  0]LogMaterial: Warning: D:\P1 MOTORS VERSIO DEFINITIVA\MotorsDeJoc_Prac1_Def\P1\Content\ThirdPersonBP\Materials\LandscapeMaterial.uasset: Failed to compile Material for platform PCD3D_SM5, Default Material will be used in game.
[2020.01.30-17.02.59:918][  0]LogMaterial: Display: 	(Node TextureSample) Texture Sample> Missing input texture
[2020.01.30-17.03.00:117][  0]LogAIModule: Creating AISystem for world ThirdPersonExampleMap
[2020.01.30-17.03.00:190][  0]LogEditorServer: Finished looking for orphan Actors (0.000 secs)
[2020.01.30-17.03.00:224][  0]LogUObjectHash: Compacting FUObjectHashTables data took   1.89ms
[2020.01.30-17.03.00:227][  0]Cmd: MAP CHECKDEP NOCLEARLOG
[2020.01.30-17.03.00:227][  0]MapCheck: Map check complete: 0 Error(s), 0 Warning(s), took 0.095ms to complete.
[2020.01.30-17.03.00:227][  0]LogFileHelpers: Loading map 'ThirdPersonExampleMap' took 1.280
[2020.01.30-17.03.00:386][  0]LogCollectionManager: Loaded 0 collections in 0.001646 seconds
[2020.01.30-17.03.00:397][  0]LogFileCache: Scanning file cache for directory 'D:/P1 MOTORS VERSIO DEFINITIVA/MotorsDeJoc_Prac1_Def/P1/Saved/Collections/' took 0.00s
[2020.01.30-17.03.00:397][  0]LogFileCache: Scanning file cache for directory 'D:/P1 MOTORS VERSIO DEFINITIVA/MotorsDeJoc_Prac1_Def/P1/Content/Developers/Gemma/Collections/' took 0.00s
[2020.01.30-17.03.00:397][  0]LogFileCache: Scanning file cache for directory 'D:/P1 MOTORS VERSIO DEFINITIVA/MotorsDeJoc_Prac1_Def/P1/Content/Collections/' took 0.00s
[2020.01.30-17.03.00:397][  0]LogContentBrowser: Native class hierarchy populated in 0.0069 seconds. Added 3017 classes and 720 folders.
[2020.01.30-17.03.00:400][  0]LogContentBrowser: Native class hierarchy updated for 'WidgetCarousel' in 0.0002 seconds. Added 0 classes and 0 folders.
[2020.01.30-17.03.00:632][  0]LogContentBrowser: Native class hierarchy updated for 'AddContentDialog' in 0.0003 seconds. Added 0 classes and 0 folders.
[2020.01.30-17.03.00:658][  0]LogSlate: Updating window title bar state: overlay mode, drag disabled, window buttons hidden, title bar hidden
[2020.01.30-17.03.00:664][  0]LogSlate: Updating window title bar state: overlay mode, drag disabled, window buttons hidden, title bar hidden
[2020.01.30-17.03.00:670][  0]LogSlate: Updating window title bar state: overlay mode, drag disabled, window buttons hidden, title bar hidden
[2020.01.30-17.03.00:676][  0]LogSlate: Updating window title bar state: overlay mode, drag disabled, window buttons hidden, title bar hidden
[2020.01.30-17.03.00:819][  0]LogSlate: Took 0.002776 seconds to synchronously load lazily loaded font '../../../Engine/Content/Slate/Fonts/Roboto-Regular.ttf' (155K)
[2020.01.30-17.03.00:823][  0]LogSlate: Took 0.003201 seconds to synchronously load lazily loaded font '../../../Engine/Content/Editor/Slate/Fonts/FontAwesome.ttf' (139K)
[2020.01.30-17.03.00:827][  0]LogSlate: Took 0.002886 seconds to synchronously load lazily loaded font '../../../Engine/Content/Slate/Fonts/Roboto-Bold.ttf' (160K)
[2020.01.30-17.03.00:903][  0]LogRenderer: Reallocating scene render targets to support 812x704 Format 10 NumSamples 1 (Frame:1).
[2020.01.30-17.03.01:097][  0]LogContentBrowser: Native class hierarchy updated for 'HierarchicalLODOutliner' in 0.0002 seconds. Added 0 classes and 0 folders.
[2020.01.30-17.03.01:098][  0]LogLoad: (Engine Initialization) Total time: 22.33 seconds
[2020.01.30-17.03.01:098][  0]LogLoad: (Engine Initialization) Total Blueprint compile time: 0.00 seconds
[2020.01.30-17.03.01:166][  0]LogContentStreaming: Texture pool size now 1000 MB
[2020.01.30-17.03.01:407][  0]LogSlate: Took 0.003240 seconds to synchronously load lazily loaded font '../../../Engine/Content/Slate/Fonts/Roboto-Light.ttf' (167K)
[2020.01.30-17.03.02:007][  6]LogAssetRegistry: Asset discovery search completed in 13.1446 seconds
[2020.01.30-17.03.02:010][  6]LogCollectionManager: Fixed up redirectors for 0 collections in 0.000007 seconds (updated 0 objects)
[2020.01.30-17.03.03:252][ 29]LogSlate: Window 'Message Log' being destroyed
[2020.01.30-17.03.03:257][ 29]LogSlate: Window 'Message Log' being destroyed
[2020.01.30-17.06.21:810][787]LogHttp: Warning: 000001FA9728F240: invalid HTTP response code received. URL: https://datarouter.ol.epicgames.com/datarouter/api/v1/public/data?SessionID=%7B4AB17CA1-442E-B793-6569-C6ABBC820620%7D&AppID=UEEditor.Rocket.Release&AppVersion=4.24.1-10757647%2B%2B%2BUE4%2BRelease-4.24&UserID=57b75e3c47237f2f78c2b0b36a1de745%7Cdc6cdfe94d5f40fa9d057b6ef21f733c%7Cfe7a6e06-939d-4e5f-97c8-e9f62f453553&AppEnvironment=datacollector-binary&UploadType=eteventstream, HTTP code: 0, content length: 0, actual payload size: 0
[2020.01.30-17.06.21:810][787]LogHttp: Warning: 000001FA9728F240: request failed, libcurl error: 28 (Timeout was reached)
[2020.01.30-17.06.21:810][787]LogHttp: Warning: 000001FA9728F240: libcurl info message cache 0 (Connection 0 seems to be dead!)
[2020.01.30-17.06.21:810][787]LogHttp: Warning: 000001FA9728F240: libcurl info message cache 1 (Closing connection 0)
[2020.01.30-17.06.21:810][787]LogHttp: Warning: 000001FA9728F240: libcurl info message cache 2 (TLSv1.2 (OUT), TLS alert, Client hello (1):)
[2020.01.30-17.06.21:810][787]LogHttp: Warning: 000001FA9728F240: libcurl info message cache 3 (  Trying 34.203.132.217...)
[2020.01.30-17.06.21:810][787]LogHttp: Warning: 000001FA9728F240: libcurl info message cache 4 (TCP_NODELAY set)
[2020.01.30-17.06.21:810][787]LogHttp: Warning: 000001FA9728F240: libcurl info message cache 5 (Connected to datarouter.ol.epicgames.com (34.203.132.217) port 443 (#1))
[2020.01.30-17.06.21:811][787]LogHttp: Warning: 000001FA9728F240: libcurl info message cache 6 (ALPN, offering http/1.1)
[2020.01.30-17.06.21:811][787]LogHttp: Warning: 000001FA9728F240: libcurl info message cache 7 (Cipher selection: ALL:!EXPORT:!EXPORT40:!EXPORT56:!aNULL:!LOW:!RC4:@STRENGTH)
[2020.01.30-17.06.21:811][787]LogHttp: Warning: 000001FA9728F240: libcurl info message cache 8 (SSL re-using session ID)
[2020.01.30-17.06.21:811][787]LogHttp: Warning: 000001FA9728F240: libcurl info message cache 9 (TLSv1.3 (OUT), TLS handshake, Client hello (1):)
[2020.01.30-17.06.21:811][787]LogHttp: Warning: 000001FA9728F240: libcurl info message cache 10 (TLSv1.3 (IN), TLS handshake, Server hello (2):)
[2020.01.30-17.06.21:811][787]LogHttp: Warning: 000001FA9728F240: libcurl info message cache 11 (Operation timed out after 60000 milliseconds with 0 out of 0 bytes received)
[2020.01.30-17.06.21:811][787]LogHttp: Warning: 000001FA9728F240: libcurl info message cache 12 (Closing connection 1)
[2020.01.30-17.06.22:145][788]LogHttp: Warning: Retry exhausted on https://datarouter.ol.epicgames.com/datarouter/api/v1/public/data?SessionID=%7B4AB17CA1-442E-B793-6569-C6ABBC820620%7D&AppID=UEEditor.Rocket.Release&AppVersion=4.24.1-10757647%2B%2B%2BUE4%2BRelease-4.24&UserID=57b75e3c47237f2f78c2b0b36a1de745%7Cdc6cdfe94d5f40fa9d057b6ef21f733c%7Cfe7a6e06-939d-4e5f-97c8-e9f62f453553&AppEnvironment=datacollector-binary&UploadType=eteventstream
[2020.01.30-17.07.48:241][925]Cmd: TRANSACTION UNDO
[2020.01.30-17.07.48:241][925]LogEditorTransaction: Undo Create Folder
[2020.01.30-17.07.48:298][925]LogSlate: Took 0.000343 seconds to synchronously load lazily loaded font '../../../Engine/Content/Slate/Fonts/Roboto-Light.ttf' (167K)
[2020.01.30-17.08.33:607][251]LogHttp: Warning: 000001FA90074900: invalid HTTP response code received. URL: https://datarouter.ol.epicgames.com/datarouter/api/v1/public/data?SessionID=%7B4AB17CA1-442E-B793-6569-C6ABBC820620%7D&AppID=UEEditor.Rocket.Release&AppVersion=4.24.1-10757647%2B%2B%2BUE4%2BRelease-4.24&UserID=57b75e3c47237f2f78c2b0b36a1de745%7Cdc6cdfe94d5f40fa9d057b6ef21f733c%7Cfe7a6e06-939d-4e5f-97c8-e9f62f453553&AppEnvironment=datacollector-binary&UploadType=eteventstream, HTTP code: 0, content length: 0, actual payload size: 0
[2020.01.30-17.08.33:607][251]LogHttp: Warning: 000001FA90074900: request failed, libcurl error: 6 (Couldn't resolve host name)
[2020.01.30-17.08.33:607][251]LogHttp: Warning: 000001FA90074900: libcurl info message cache 0 (Hostname in DNS cache was stale, zapped)
[2020.01.30-17.08.33:607][251]LogHttp: Warning: 000001FA90074900: libcurl info message cache 1 (Could not resolve host: datarouter.ol.epicgames.com)
[2020.01.30-17.08.33:607][251]LogHttp: Warning: 000001FA90074900: libcurl info message cache 2 (Closing connection 2)
[2020.01.30-17.08.33:656][252]LogHttp: Warning: Retry exhausted on https://datarouter.ol.epicgames.com/datarouter/api/v1/public/data?SessionID=%7B4AB17CA1-442E-B793-6569-C6ABBC820620%7D&AppID=UEEditor.Rocket.Release&AppVersion=4.24.1-10757647%2B%2B%2BUE4%2BRelease-4.24&UserID=57b75e3c47237f2f78c2b0b36a1de745%7Cdc6cdfe94d5f40fa9d057b6ef21f733c%7Cfe7a6e06-939d-4e5f-97c8-e9f62f453553&AppEnvironment=datacollector-binary&UploadType=eteventstream
[2020.01.30-17.09.01:718][950]LogUObjectHash: Compacting FUObjectHashTables data took   1.42ms
[2020.01.30-17.09.01:771][950]LogUObjectHash: Compacting FUObjectHashTables data took   0.55ms
[2020.01.30-17.09.02:900][950]LogSavePackage: Moving 'D:/P1 MOTORS VERSIO DEFINITIVA/MotorsDeJoc_Prac1_Def/P1/Saved/ThirdPersonExampleMapD49A3FEF44416707098928A8161E4793.tmp' to 'D:/P1 MOTORS VERSIO DEFINITIVA/MotorsDeJoc_Prac1_Def/P1/Content/ThirdPersonBP/Maps/ThirdPersonExampleMap.umap'
[2020.01.30-17.09.02:920][950]LogFileHelpers: Saving map 'ThirdPersonExampleMap' took 1.177
[2020.01.30-17.09.02:937][950]AssetCheck: New page: Asset Save: ThirdPersonExampleMap
[2020.01.30-17.09.02:937][950]LogContentValidation: Display: Validating World /Game/ThirdPersonBP/Maps/ThirdPersonExampleMap.ThirdPersonExampleMap
[2020.01.30-17.09.19:612][363]LogAssetEditorSubsystem: Opening Asset editor for StaticMesh /Game/Meshes/interiorMesh.interiorMesh
[2020.01.30-17.09.20:071][363]LogRenderer: Reallocating scene render targets to support 1144x704 Format 10 NumSamples 1 (Frame:1).
[2020.01.30-17.09.20:071][363]LogSlate: Took 0.004084 seconds to synchronously load lazily loaded font '../../../Engine/Content/Slate/Fonts/Roboto-Italic.ttf' (157K)
[2020.01.30-17.09.22:444][459]LogSlate: Window 'interiorMesh' being destroyed
[2020.01.30-17.10.09:428][246]LogEditorTransaction: Undo Clicking on Actors
[2020.01.30-17.10.10:096][279]LogEditorTransaction: Undo Clicking on Actors
[2020.01.30-17.10.27:413][ 57]LogAssetEditorSubsystem: Opening Asset editor for StaticMesh /Game/Meshes/mesh1.mesh1
[2020.01.30-17.10.48:948][337]LogEditorTransaction: Undo Remove Collision
[2020.01.30-17.11.33:690][872]LogHttp: Warning: 000001FB1B5739C0: invalid HTTP response code received. URL: https://datarouter.ol.epicgames.com/datarouter/api/v1/public/data?SessionID=%7B4AB17CA1-442E-B793-6569-C6ABBC820620%7D&AppID=UEEditor.Rocket.Release&AppVersion=4.24.1-10757647%2B%2B%2BUE4%2BRelease-4.24&UserID=57b75e3c47237f2f78c2b0b36a1de745%7Cdc6cdfe94d5f40fa9d057b6ef21f733c%7Cfe7a6e06-939d-4e5f-97c8-e9f62f453553&AppEnvironment=datacollector-binary&UploadType=eteventstream, HTTP code: 0, content length: 0, actual payload size: 0
[2020.01.30-17.11.33:690][872]LogHttp: Warning: 000001FB1B5739C0: request failed, libcurl error: 28 (Timeout was reached)
[2020.01.30-17.11.33:690][872]LogHttp: Warning: 000001FB1B5739C0: libcurl info message cache 0 (  Trying 54.172.15.98...)
[2020.01.30-17.11.33:690][872]LogHttp: Warning: 000001FB1B5739C0: libcurl info message cache 1 (TCP_NODELAY set)
[2020.01.30-17.11.33:690][872]LogHttp: Warning: 000001FB1B5739C0: libcurl info message cache 2 (Connected to datarouter.ol.epicgames.com (54.172.15.98) port 443 (#3))
[2020.01.30-17.11.33:690][872]LogHttp: Warning: 000001FB1B5739C0: libcurl info message cache 3 (ALPN, offering http/1.1)
[2020.01.30-17.11.33:690][872]LogHttp: Warning: 000001FB1B5739C0: libcurl info message cache 4 (Cipher selection: ALL:!EXPORT:!EXPORT40:!EXPORT56:!aNULL:!LOW:!RC4:@STRENGTH)
[2020.01.30-17.11.33:690][872]LogHttp: Warning: 000001FB1B5739C0: libcurl info message cache 5 (SSL re-using session ID)
[2020.01.30-17.11.33:690][872]LogHttp: Warning: 000001FB1B5739C0: libcurl info message cache 6 (TLSv1.3 (OUT), TLS handshake, Client hello (1):)
[2020.01.30-17.11.33:690][872]LogHttp: Warning: 000001FB1B5739C0: libcurl info message cache 7 (Operation timed out after 60000 milliseconds with 0 out of 0 bytes received)
[2020.01.30-17.11.33:690][872]LogHttp: Warning: 000001FB1B5739C0: libcurl info message cache 8 (Closing connection 3)
[2020.01.30-17.11.33:690][872]LogHttp: Warning: Retry exhausted on https://datarouter.ol.epicgames.com/datarouter/api/v1/public/data?SessionID=%7B4AB17CA1-442E-B793-6569-C6ABBC820620%7D&AppID=UEEditor.Rocket.Release&AppVersion=4.24.1-10757647%2B%2B%2BUE4%2BRelease-4.24&UserID=57b75e3c47237f2f78c2b0b36a1de745%7Cdc6cdfe94d5f40fa9d057b6ef21f733c%7Cfe7a6e06-939d-4e5f-97c8-e9f62f453553&AppEnvironment=datacollector-binary&UploadType=eteventstream
[2020.01.30-17.11.48:128][736]Cmd: OBJ SAVEPACKAGE PACKAGE="/Game/Meshes/mesh1" FILE="D:/P1 MOTORS VERSIO DEFINITIVA/MotorsDeJoc_Prac1_Def/P1/Content/Meshes/mesh1.uasset" SILENT=true
[2020.01.30-17.11.48:143][736]LogSavePackage: Moving 'D:/P1 MOTORS VERSIO DEFINITIVA/MotorsDeJoc_Prac1_Def/P1/Saved/mesh13DE8FEBF4053DADB2C411A95D6B5A061.tmp' to 'D:/P1 MOTORS VERSIO DEFINITIVA/MotorsDeJoc_Prac1_Def/P1/Content/Meshes/mesh1.uasset'
[2020.01.30-17.11.48:162][736]AssetCheck: New page: Asset Save: mesh1
[2020.01.30-17.11.48:162][736]LogContentValidation: Display: Validating StaticMesh /Game/Meshes/mesh1.mesh1
[2020.01.30-17.12.07:573][898]LogEditorTransaction: Undo Create Box Collision
[2020.01.30-17.15.01:310][827]LogHttp: Warning: 000001FB1B5711C0: invalid HTTP response code received. URL: https://datarouter.ol.epicgames.com/datarouter/api/v1/public/data?SessionID=%7B4AB17CA1-442E-B793-6569-C6ABBC820620%7D&AppID=UEEditor.Rocket.Release&AppVersion=4.24.1-10757647%2B%2B%2BUE4%2BRelease-4.24&UserID=57b75e3c47237f2f78c2b0b36a1de745%7Cdc6cdfe94d5f40fa9d057b6ef21f733c%7Cfe7a6e06-939d-4e5f-97c8-e9f62f453553&AppEnvironment=datacollector-binary&UploadType=eteventstream, HTTP code: 0, content length: 0, actual payload size: 0
[2020.01.30-17.15.01:310][827]LogHttp: Warning: 000001FB1B5711C0: request failed, libcurl error: 56 (Failure when receiving data from the peer)
[2020.01.30-17.15.01:310][827]LogHttp: Warning: 000001FB1B5711C0: libcurl info message cache 0 (Found bundle for host datarouter.ol.epicgames.com: 0x1fae38bff70 [can pipeline])
[2020.01.30-17.15.01:310][827]LogHttp: Warning: 000001FB1B5711C0: libcurl info message cache 1 (Re-using existing connection! (#4) with host datarouter.ol.epicgames.com)
[2020.01.30-17.15.01:310][827]LogHttp: Warning: 000001FB1B5711C0: libcurl info message cache 2 (Connected to datarouter.ol.epicgames.com (52.45.208.102) port 443 (#4))
[2020.01.30-17.15.01:310][827]LogHttp: Warning: 000001FB1B5711C0: libcurl info message cache 3 (We are completely uploaded and fine)
[2020.01.30-17.15.01:311][827]LogHttp: Warning: 000001FB1B5711C0: libcurl info message cache 4 (OpenSSL SSL_read: SSL_ERROR_SYSCALL, errno 10054)
[2020.01.30-17.15.01:311][827]LogHttp: Warning: 000001FB1B5711C0: libcurl info message cache 5 (Connection died, retrying a fresh connect)
[2020.01.30-17.15.01:311][827]LogHttp: Warning: 000001FB1B5711C0: libcurl info message cache 6 (necessary data rewind wasn't possible)
[2020.01.30-17.15.01:311][827]LogHttp: Warning: 000001FB1B5711C0: libcurl info message cache 7 (Closing connection 4)
[2020.01.30-17.15.01:642][828]LogHttp: Warning: Retry exhausted on https://datarouter.ol.epicgames.com/datarouter/api/v1/public/data?SessionID=%7B4AB17CA1-442E-B793-6569-C6ABBC820620%7D&AppID=UEEditor.Rocket.Release&AppVersion=4.24.1-10757647%2B%2B%2BUE4%2BRelease-4.24&UserID=57b75e3c47237f2f78c2b0b36a1de745%7Cdc6cdfe94d5f40fa9d057b6ef21f733c%7Cfe7a6e06-939d-4e5f-97c8-e9f62f453553&AppEnvironment=datacollector-binary&UploadType=eteventstream
[2020.01.30-17.19.01:447][542]LogHttp: Warning: 000001FB1B571D00: invalid HTTP response code received. URL: https://datarouter.ol.epicgames.com/datarouter/api/v1/public/data?SessionID=%7B4AB17CA1-442E-B793-6569-C6ABBC820620%7D&AppID=UEEditor.Rocket.Release&AppVersion=4.24.1-10757647%2B%2B%2BUE4%2BRelease-4.24&UserID=57b75e3c47237f2f78c2b0b36a1de745%7Cdc6cdfe94d5f40fa9d057b6ef21f733c%7Cfe7a6e06-939d-4e5f-97c8-e9f62f453553&AppEnvironment=datacollector-binary&UploadType=eteventstream, HTTP code: 0, content length: 0, actual payload size: 0
[2020.01.30-17.19.01:447][542]LogHttp: Warning: 000001FB1B571D00: request failed, libcurl error: 56 (Failure when receiving data from the peer)
[2020.01.30-17.19.01:447][542]LogHttp: Warning: 000001FB1B571D00: libcurl info message cache 0 (Found bundle for host datarouter.ol.epicgames.com: 0x1fae38bff70 [can pipeline])
[2020.01.30-17.19.01:447][542]LogHttp: Warning: 000001FB1B571D00: libcurl info message cache 1 (Re-using existing connection! (#5) with host datarouter.ol.epicgames.com)
[2020.01.30-17.19.01:447][542]LogHttp: Warning: 000001FB1B571D00: libcurl info message cache 2 (Connected to datarouter.ol.epicgames.com (3.232.217.203) port 443 (#5))
[2020.01.30-17.19.01:447][542]LogHttp: Warning: 000001FB1B571D00: libcurl info message cache 3 (We are completely uploaded and fine)
[2020.01.30-17.19.01:447][542]LogHttp: Warning: 000001FB1B571D00: libcurl info message cache 4 (OpenSSL SSL_read: SSL_ERROR_SYSCALL, errno 10054)
[2020.01.30-17.19.01:447][542]LogHttp: Warning: 000001FB1B571D00: libcurl info message cache 5 (Connection died, retrying a fresh connect)
[2020.01.30-17.19.01:447][542]LogHttp: Warning: 000001FB1B571D00: libcurl info message cache 6 (necessary data rewind wasn't possible)
[2020.01.30-17.19.01:447][542]LogHttp: Warning: 000001FB1B571D00: libcurl info message cache 7 (Closing connection 5)
[2020.01.30-17.19.01:447][542]LogHttp: Warning: Retry exhausted on https://datarouter.ol.epicgames.com/datarouter/api/v1/public/data?SessionID=%7B4AB17CA1-442E-B793-6569-C6ABBC820620%7D&AppID=UEEditor.Rocket.Release&AppVersion=4.24.1-10757647%2B%2B%2BUE4%2BRelease-4.24&UserID=57b75e3c47237f2f78c2b0b36a1de745%7Cdc6cdfe94d5f40fa9d057b6ef21f733c%7Cfe7a6e06-939d-4e5f-97c8-e9f62f453553&AppEnvironment=datacollector-binary&UploadType=eteventstream
[2020.01.30-17.19.02:213][543]LogUObjectHash: Compacting FUObjectHashTables data took   1.66ms
[2020.01.30-17.19.02:215][543]LogFileHelpers: Editor autosave (incl. sublevels) for '/Game/ThirdPersonBP/Maps/ThirdPersonExampleMap' took 0.030
[2020.01.30-17.19.02:216][543]OBJ SavePackage: Generating thumbnails for [1] asset(s) in package [/Game/Meshes/interiorMesh] ([1] browsable assets)...
[2020.01.30-17.19.02:232][543]OBJ SavePackage:     Rendered thumbnail for [StaticMesh /Game/Meshes/interiorMesh.interiorMesh]
[2020.01.30-17.19.02:232][543]OBJ SavePackage: Finished generating thumbnails for package [/Game/Meshes/interiorMesh]
[2020.01.30-17.19.02:232][543]Cmd: OBJ SAVEPACKAGE PACKAGE="/Game/Meshes/interiorMesh" FILE="D:/P1 MOTORS VERSIO DEFINITIVA/MotorsDeJoc_Prac1_Def/P1/Saved/Autosaves/Game/Meshes/interiorMesh_Auto1.uasset" SILENT=false AUTOSAVING=true
[2020.01.30-17.19.02:243][543]LogSavePackage: Moving 'D:/P1 MOTORS VERSIO DEFINITIVA/MotorsDeJoc_Prac1_Def/P1/Saved/interiorMesh_Auto1EC8B3581404FA0A27CFEFEAD413F0DD3.tmp' to 'D:/P1 MOTORS VERSIO DEFINITIVA/MotorsDeJoc_Prac1_Def/P1/Saved/Autosaves/Game/Meshes/interiorMesh_Auto1.uasset'
[2020.01.30-17.19.02:247][543]LogFileHelpers: Auto-saving content packages took 0.032
[2020.01.30-17.23.01:537][257]LogHttp: Warning: 000001FAB68F4E00: invalid HTTP response code received. URL: https://datarouter.ol.epicgames.com/datarouter/api/v1/public/data?SessionID=%7B4AB17CA1-442E-B793-6569-C6ABBC820620%7D&AppID=UEEditor.Rocket.Release&AppVersion=4.24.1-10757647%2B%2B%2BUE4%2BRelease-4.24&UserID=57b75e3c47237f2f78c2b0b36a1de745%7Cdc6cdfe94d5f40fa9d057b6ef21f733c%7Cfe7a6e06-939d-4e5f-97c8-e9f62f453553&AppEnvironment=datacollector-binary&UploadType=eteventstream, HTTP code: 0, content length: 0, actual payload size: 0
[2020.01.30-17.23.01:537][257]LogHttp: Warning: 000001FAB68F4E00: request failed, libcurl error: 56 (Failure when receiving data from the peer)
[2020.01.30-17.23.01:537][257]LogHttp: Warning: 000001FAB68F4E00: libcurl info message cache 0 (Found bundle for host datarouter.ol.epicgames.com: 0x1fae38bff70 [can pipeline])
[2020.01.30-17.23.01:537][257]LogHttp: Warning: 000001FAB68F4E00: libcurl info message cache 1 (Re-using existing connection! (#6) with host datarouter.ol.epicgames.com)
[2020.01.30-17.23.01:537][257]LogHttp: Warning: 000001FAB68F4E00: libcurl info message cache 2 (Connected to datarouter.ol.epicgames.com (54.227.199.206) port 443 (#6))
[2020.01.30-17.23.01:537][257]LogHttp: Warning: 000001FAB68F4E00: libcurl info message cache 3 (We are completely uploaded and fine)
[2020.01.30-17.23.01:537][257]LogHttp: Warning: 000001FAB68F4E00: libcurl info message cache 4 (OpenSSL SSL_read: SSL_ERROR_SYSCALL, errno 10054)
[2020.01.30-17.23.01:537][257]LogHttp: Warning: 000001FAB68F4E00: libcurl info message cache 5 (Connection died, retrying a fresh connect)
[2020.01.30-17.23.01:537][257]LogHttp: Warning: 000001FAB68F4E00: libcurl info message cache 6 (necessary data rewind wasn't possible)
[2020.01.30-17.23.01:537][257]LogHttp: Warning: 000001FAB68F4E00: libcurl info message cache 7 (Closing connection 6)
[2020.01.30-17.23.01:874][258]LogHttp: Warning: Retry exhausted on https://datarouter.ol.epicgames.com/datarouter/api/v1/public/data?SessionID=%7B4AB17CA1-442E-B793-6569-C6ABBC820620%7D&AppID=UEEditor.Rocket.Release&AppVersion=4.24.1-10757647%2B%2B%2BUE4%2BRelease-4.24&UserID=57b75e3c47237f2f78c2b0b36a1de745%7Cdc6cdfe94d5f40fa9d057b6ef21f733c%7Cfe7a6e06-939d-4e5f-97c8-e9f62f453553&AppEnvironment=datacollector-binary&UploadType=eteventstream
[2020.01.30-17.24.53:574][408]LogEditorTransaction: Undo Remove Collision
[2020.01.30-17.24.58:971][716]LogWorld: UWorld::CleanupWorld for World_2, bSessionEnded=true, bCleanupResources=true
[2020.01.30-17.24.58:971][716]LogSlate: InvalidateAllWidgets triggered.  All widgets were invalidated
[2020.01.30-17.25.04:682][831]LogAssetEditorSubsystem: Opening Asset editor for StaticMesh /Game/Meshes/mesh2.mesh2
[2020.01.30-17.25.07:400][934]LogSlate: Window 'mesh2' being destroyed
[2020.01.30-17.25.07:407][935]LogRenderer: Reallocating scene render targets to support 1428x880 Format 10 NumSamples 1 (Frame:7225).
[2020.01.30-17.25.19:780][673]Cmd: OBJ SAVEPACKAGE PACKAGE="/Game/Meshes/mesh2" FILE="D:/P1 MOTORS VERSIO DEFINITIVA/MotorsDeJoc_Prac1_Def/P1/Content/Meshes/mesh2.uasset" SILENT=true
[2020.01.30-17.25.19:791][673]LogSavePackage: Moving 'D:/P1 MOTORS VERSIO DEFINITIVA/MotorsDeJoc_Prac1_Def/P1/Saved/mesh2FBFA5D52485A591B3543DCB8CA894A7C.tmp' to 'D:/P1 MOTORS VERSIO DEFINITIVA/MotorsDeJoc_Prac1_Def/P1/Content/Meshes/mesh2.uasset'
[2020.01.30-17.25.19:804][673]AssetCheck: New page: Asset Save: mesh2
[2020.01.30-17.25.19:804][673]LogContentValidation: Display: Validating StaticMesh /Game/Meshes/mesh2.mesh2
[2020.01.30-17.25.22:362][775]LogWorld: UWorld::CleanupWorld for World_4, bSessionEnded=true, bCleanupResources=true
[2020.01.30-17.25.22:362][775]LogSlate: InvalidateAllWidgets triggered.  All widgets were invalidated
[2020.01.30-17.25.49:043][910]LogAssetEditorSubsystem: Opening Asset editor for StaticMesh /Game/Meshes/mesh3.mesh3
[2020.01.30-17.26.04:355][226]Cmd: OBJ SAVEPACKAGE PACKAGE="/Game/Meshes/mesh3" FILE="D:/P1 MOTORS VERSIO DEFINITIVA/MotorsDeJoc_Prac1_Def/P1/Content/Meshes/mesh3.uasset" SILENT=true
[2020.01.30-17.26.04:368][226]LogSavePackage: Moving 'D:/P1 MOTORS VERSIO DEFINITIVA/MotorsDeJoc_Prac1_Def/P1/Saved/mesh3F1F361CD47DF229E480F078CD4664D4C.tmp' to 'D:/P1 MOTORS VERSIO DEFINITIVA/MotorsDeJoc_Prac1_Def/P1/Content/Meshes/mesh3.uasset'
[2020.01.30-17.26.04:386][226]AssetCheck: New page: Asset Save: mesh3
[2020.01.30-17.26.04:386][226]LogContentValidation: Display: Validating StaticMesh /Game/Meshes/mesh3.mesh3
[2020.01.30-17.26.06:103][257]LogSlate: Window 'mesh3' being destroyed
[2020.01.30-17.26.06:116][257]LogWorld: UWorld::CleanupWorld for World_5, bSessionEnded=true, bCleanupResources=true
[2020.01.30-17.26.06:116][257]LogSlate: InvalidateAllWidgets triggered.  All widgets were invalidated
[2020.01.30-17.26.09:106][304]LogAssetEditorSubsystem: Opening Asset editor for StaticMesh /Game/Meshes/mesh5.mesh5
[2020.01.30-17.26.14:899][400]LogHttp: Warning: 000001FB27FF9300: invalid HTTP response code received. URL: https://datarouter.ol.epicgames.com/datarouter/api/v1/public/data?SessionID=%7B4AB17CA1-442E-B793-6569-C6ABBC820620%7D&AppID=UEEditor.Rocket.Release&AppVersion=4.24.1-10757647%2B%2B%2BUE4%2BRelease-4.24&UserID=57b75e3c47237f2f78c2b0b36a1de745%7Cdc6cdfe94d5f40fa9d057b6ef21f733c%7Cfe7a6e06-939d-4e5f-97c8-e9f62f453553&AppEnvironment=datacollector-binary&UploadType=eteventstream, HTTP code: 0, content length: 0, actual payload size: 0
[2020.01.30-17.26.14:899][400]LogHttp: Warning: 000001FB27FF9300: request failed, libcurl error: 56 (Failure when receiving data from the peer)
[2020.01.30-17.26.14:899][400]LogHttp: Warning: 000001FB27FF9300: libcurl info message cache 0 (Found bundle for host datarouter.ol.epicgames.com: 0x1fae38bff70 [can pipeline])
[2020.01.30-17.26.14:899][400]LogHttp: Warning: 000001FB27FF9300: libcurl info message cache 1 (Re-using existing connection! (#7) with host datarouter.ol.epicgames.com)
[2020.01.30-17.26.14:899][400]LogHttp: Warning: 000001FB27FF9300: libcurl info message cache 2 (Connected to datarouter.ol.epicgames.com (52.73.243.175) port 443 (#7))
[2020.01.30-17.26.14:899][400]LogHttp: Warning: 000001FB27FF9300: libcurl info message cache 3 (We are completely uploaded and fine)
[2020.01.30-17.26.14:899][400]LogHttp: Warning: 000001FB27FF9300: libcurl info message cache 4 (OpenSSL SSL_read: SSL_ERROR_SYSCALL, errno 10054)
[2020.01.30-17.26.14:899][400]LogHttp: Warning: 000001FB27FF9300: libcurl info message cache 5 (Connection died, retrying a fresh connect)
[2020.01.30-17.26.14:899][400]LogHttp: Warning: 000001FB27FF9300: libcurl info message cache 6 (necessary data rewind wasn't possible)
[2020.01.30-17.26.14:899][400]LogHttp: Warning: 000001FB27FF9300: libcurl info message cache 7 (Closing connection 7)
[2020.01.30-17.26.14:899][400]LogHttp: Warning: Retry exhausted on https://datarouter.ol.epicgames.com/datarouter/api/v1/public/data?SessionID=%7B4AB17CA1-442E-B793-6569-C6ABBC820620%7D&AppID=UEEditor.Rocket.Release&AppVersion=4.24.1-10757647%2B%2B%2BUE4%2BRelease-4.24&UserID=57b75e3c47237f2f78c2b0b36a1de745%7Cdc6cdfe94d5f40fa9d057b6ef21f733c%7Cfe7a6e06-939d-4e5f-97c8-e9f62f453553&AppEnvironment=datacollector-binary&UploadType=eteventstream
[2020.01.30-17.26.29:010][695]Cmd: OBJ SAVEPACKAGE PACKAGE="/Game/Meshes/mesh5" FILE="D:/P1 MOTORS VERSIO DEFINITIVA/MotorsDeJoc_Prac1_Def/P1/Content/Meshes/mesh5.uasset" SILENT=true
[2020.01.30-17.26.29:022][695]LogSavePackage: Moving 'D:/P1 MOTORS VERSIO DEFINITIVA/MotorsDeJoc_Prac1_Def/P1/Saved/mesh5B272453941469B12E06CB7BD2226F920.tmp' to 'D:/P1 MOTORS VERSIO DEFINITIVA/MotorsDeJoc_Prac1_Def/P1/Content/Meshes/mesh5.uasset'
[2020.01.30-17.26.29:041][695]AssetCheck: New page: Asset Save: mesh5
[2020.01.30-17.26.29:041][695]LogContentValidation: Display: Validating StaticMesh /Game/Meshes/mesh5.mesh5
[2020.01.30-17.26.30:245][717]LogSlate: Window 'mesh5' being destroyed
[2020.01.30-17.26.30:256][717]LogWorld: UWorld::CleanupWorld for World_6, bSessionEnded=true, bCleanupResources=true
[2020.01.30-17.26.30:257][717]LogSlate: InvalidateAllWidgets triggered.  All widgets were invalidated
[2020.01.30-17.26.34:087][782]LogAssetEditorSubsystem: Opening Asset editor for StaticMesh /Game/Meshes/mesh6.mesh6
[2020.01.30-17.26.42:667][926]Cmd: OBJ SAVEPACKAGE PACKAGE="/Game/Meshes/mesh6" FILE="D:/P1 MOTORS VERSIO DEFINITIVA/MotorsDeJoc_Prac1_Def/P1/Content/Meshes/mesh6.uasset" SILENT=true
[2020.01.30-17.26.42:677][926]LogSavePackage: Moving 'D:/P1 MOTORS VERSIO DEFINITIVA/MotorsDeJoc_Prac1_Def/P1/Saved/mesh6F623FBC54FE7F9ECF2C144974C5C586E.tmp' to 'D:/P1 MOTORS VERSIO DEFINITIVA/MotorsDeJoc_Prac1_Def/P1/Content/Meshes/mesh6.uasset'
[2020.01.30-17.26.42:696][926]AssetCheck: New page: Asset Save: mesh6
[2020.01.30-17.26.42:696][926]LogContentValidation: Display: Validating StaticMesh /Game/Meshes/mesh6.mesh6
[2020.01.30-17.26.43:948][949]LogSlate: Window 'mesh6' being destroyed
[2020.01.30-17.26.44:009][949]LogWorld: UWorld::CleanupWorld for World_7, bSessionEnded=true, bCleanupResources=true
[2020.01.30-17.26.44:009][949]LogSlate: InvalidateAllWidgets triggered.  All widgets were invalidated
[2020.01.30-17.26.46:357][987]LogAssetEditorSubsystem: Opening Asset editor for StaticMesh /Game/Meshes/mesh7.mesh7
[2020.01.30-17.26.59:640][210]Cmd: OBJ SAVEPACKAGE PACKAGE="/Game/Meshes/mesh7" FILE="D:/P1 MOTORS VERSIO DEFINITIVA/MotorsDeJoc_Prac1_Def/P1/Content/Meshes/mesh7.uasset" SILENT=true
[2020.01.30-17.26.59:651][210]LogSavePackage: Moving 'D:/P1 MOTORS VERSIO DEFINITIVA/MotorsDeJoc_Prac1_Def/P1/Saved/mesh7CFF334B148B2553991ECDEA21E249B54.tmp' to 'D:/P1 MOTORS VERSIO DEFINITIVA/MotorsDeJoc_Prac1_Def/P1/Content/Meshes/mesh7.uasset'
[2020.01.30-17.26.59:669][210]AssetCheck: New page: Asset Save: mesh7
[2020.01.30-17.26.59:669][210]LogContentValidation: Display: Validating StaticMesh /Game/Meshes/mesh7.mesh7
[2020.01.30-17.27.00:874][232]LogSlate: Window 'mesh7' being destroyed
[2020.01.30-17.27.00:886][232]LogWorld: UWorld::CleanupWorld for World_8, bSessionEnded=true, bCleanupResources=true
[2020.01.30-17.27.00:886][232]LogSlate: InvalidateAllWidgets triggered.  All widgets were invalidated
[2020.01.30-17.27.02:238][254]LogAssetEditorSubsystem: Opening Asset editor for StaticMesh /Game/Meshes/mesh8.mesh8
[2020.01.30-17.27.08:302][357]Cmd: OBJ SAVEPACKAGE PACKAGE="/Game/Meshes/mesh8" FILE="D:/P1 MOTORS VERSIO DEFINITIVA/MotorsDeJoc_Prac1_Def/P1/Content/Meshes/mesh8.uasset" SILENT=true
[2020.01.30-17.27.08:313][357]LogSavePackage: Moving 'D:/P1 MOTORS VERSIO DEFINITIVA/MotorsDeJoc_Prac1_Def/P1/Saved/mesh891D5510E45759EAEC496518C9B50AA50.tmp' to 'D:/P1 MOTORS VERSIO DEFINITIVA/MotorsDeJoc_Prac1_Def/P1/Content/Meshes/mesh8.uasset'
[2020.01.30-17.27.08:330][357]AssetCheck: New page: Asset Save: mesh8
[2020.01.30-17.27.08:330][357]LogContentValidation: Display: Validating StaticMesh /Game/Meshes/mesh8.mesh8
[2020.01.30-17.27.09:636][381]LogSlate: Window 'mesh8' being destroyed
[2020.01.30-17.27.09:648][381]LogWorld: UWorld::CleanupWorld for World_9, bSessionEnded=true, bCleanupResources=true
[2020.01.30-17.27.09:648][381]LogSlate: InvalidateAllWidgets triggered.  All widgets were invalidated
[2020.01.30-17.27.15:566][546]Cmd: OBJ SAVEPACKAGE PACKAGE="/Game/Meshes/mesh1" FILE="D:/P1 MOTORS VERSIO DEFINITIVA/MotorsDeJoc_Prac1_Def/P1/Content/Meshes/mesh1.uasset" SILENT=true
[2020.01.30-17.27.15:571][546]LogSavePackage: Moving 'D:/P1 MOTORS VERSIO DEFINITIVA/MotorsDeJoc_Prac1_Def/P1/Saved/mesh1DF8D25354E07141B8A4D44AEA5207DDC.tmp' to 'D:/P1 MOTORS VERSIO DEFINITIVA/MotorsDeJoc_Prac1_Def/P1/Content/Meshes/mesh1.uasset'
[2020.01.30-17.27.15:584][546]AssetCheck: New page: Asset Save: mesh1
[2020.01.30-17.27.15:584][546]LogContentValidation: Display: Validating StaticMesh /Game/Meshes/mesh1.mesh1
[2020.01.30-17.27.16:555][604]LogWorld: UWorld::CleanupWorld for World_3, bSessionEnded=true, bCleanupResources=true
[2020.01.30-17.27.16:555][604]LogSlate: InvalidateAllWidgets triggered.  All widgets were invalidated
[2020.01.30-17.27.20:110][660]LogAssetEditorSubsystem: Opening Asset editor for StaticMesh /Game/Meshes/interiorMesh.interiorMesh
[2020.01.30-17.27.37:181][674]Cmd: OBJ SAVEPACKAGE PACKAGE="/Game/Meshes/interiorMesh" FILE="D:/P1 MOTORS VERSIO DEFINITIVA/MotorsDeJoc_Prac1_Def/P1/Content/Meshes/interiorMesh.uasset" SILENT=true
[2020.01.30-17.27.37:186][674]LogSavePackage: Moving 'D:/P1 MOTORS VERSIO DEFINITIVA/MotorsDeJoc_Prac1_Def/P1/Saved/interiorMesh88BECC7D4262DC7686210086BD968F97.tmp' to 'D:/P1 MOTORS VERSIO DEFINITIVA/MotorsDeJoc_Prac1_Def/P1/Content/Meshes/interiorMesh.uasset'
[2020.01.30-17.27.37:199][674]AssetCheck: New page: Asset Save: interiorMesh
[2020.01.30-17.27.37:199][674]LogContentValidation: Display: Validating StaticMesh /Game/Meshes/interiorMesh.interiorMesh
[2020.01.30-17.27.38:087][727]LogWorld: UWorld::CleanupWorld for World_10, bSessionEnded=true, bCleanupResources=true
[2020.01.30-17.27.38:087][727]LogSlate: InvalidateAllWidgets triggered.  All widgets were invalidated
[2020.01.30-17.27.40:802][826]LogUObjectHash: Compacting FUObjectHashTables data took   1.42ms
[2020.01.30-17.28.54:721][139]LogTemp: Repeating last play command: Selected Viewport
[2020.01.30-17.28.54:728][139]LogBlueprintUserMessages: Early PlayInEditor Detection: Level '/Game/ThirdPersonBP/Maps/ThirdPersonExampleMap.ThirdPersonExampleMap:PersistentLevel' has LevelScriptBlueprint '/Game/ThirdPersonBP/Maps/ThirdPersonExampleMap.ThirdPersonExampleMap:PersistentLevel.ThirdPersonExampleMap' with GeneratedClass '/Game/ThirdPersonBP/Maps/ThirdPersonExampleMap.ThirdPersonExampleMap_C' with ClassGeneratedBy '/Game/ThirdPersonBP/Maps/ThirdPersonExampleMap.ThirdPersonExampleMap:PersistentLevel.ThirdPersonExampleMap'
[2020.01.30-17.28.54:728][139]LogPlayLevel: PlayLevel: No blueprints needed recompiling
[2020.01.30-17.28.54:733][139]PIE: New page: PIE session: ThirdPersonExampleMap (Jan 30, 2020, 7:28:54 PM)
[2020.01.30-17.28.54:734][139]LogOnline: OSS: Creating online subsystem instance for: NULL
[2020.01.30-17.28.54:735][139]LogOnline: OSS: TryLoadSubsystemAndSetDefault: Loaded subsystem for module [NULL]
[2020.01.30-17.28.54:735][139]LogPlayLevel: Creating play world package: /Game/ThirdPersonBP/Maps/UEDPIE_0_ThirdPersonExampleMap
[2020.01.30-17.28.54:985][139]LogPlayLevel: PIE: StaticDuplicateObject took: (0.249859s)
[2020.01.30-17.28.54:986][139]LogAIModule: Creating AISystem for world ThirdPersonExampleMap
[2020.01.30-17.28.54:986][139]LogPlayLevel: PIE: World Init took: (0.001083s)
[2020.01.30-17.28.54:986][139]LogPlayLevel: PIE: Created PIE world by copying editor world from /Game/ThirdPersonBP/Maps/ThirdPersonExampleMap.ThirdPersonExampleMap to /Game/ThirdPersonBP/Maps/UEDPIE_0_ThirdPersonExampleMap.ThirdPersonExampleMap (0.251154s)
[2020.01.30-17.28.55:013][139]LogUObjectHash: Compacting FUObjectHashTables data took   1.52ms
[2020.01.30-17.28.55:014][139]LogAudioMixer: Display: Audio Mixer Platform Settings:
[2020.01.30-17.28.55:014][139]LogAudioMixer: Display: 	Sample Rate:						  48000
[2020.01.30-17.28.55:014][139]LogAudioMixer: Display: 	Callback Buffer Frame Size Requested: 1024
[2020.01.30-17.28.55:014][139]LogAudioMixer: Display: 	Callback Buffer Frame Size To Use:	  1024
[2020.01.30-17.28.55:014][139]LogAudioMixer: Display: 	Number of buffers to queue:			  2
[2020.01.30-17.28.55:014][139]LogAudioMixer: Display: 	Max Channels (voices):				  32
[2020.01.30-17.28.55:014][139]LogAudioMixer: Display: 	Number of Async Source Workers:		  0
[2020.01.30-17.28.55:014][139]LogAudio: Display: AudioDevice MaxSources: 32
[2020.01.30-17.28.55:015][139]LogAudio: Display: Using built-in audio occlusion.
[2020.01.30-17.28.55:015][139]LogAudioMixer: Display: Initializing audio mixer.
[2020.01.30-17.28.55:021][139]LogAudioMixer: Display: Audio Device Output Speaker Info:
[2020.01.30-17.28.55:021][139]LogAudioMixer: Display: Name: Speaker / Headphone (Realtek(R) Audio)
[2020.01.30-17.28.55:021][139]LogAudioMixer: Display: Is Default: Yes
[2020.01.30-17.28.55:021][139]LogAudioMixer: Display: Sample Rate: 48000
[2020.01.30-17.28.55:021][139]LogAudioMixer: Display: Channel Count Used: 2
[2020.01.30-17.28.55:021][139]LogAudioMixer: Display: Device Channel Count: 2
[2020.01.30-17.28.55:021][139]LogAudioMixer: Display: Channel Order:
[2020.01.30-17.28.55:021][139]LogAudioMixer: Display: 0: FrontLeft
[2020.01.30-17.28.55:021][139]LogAudioMixer: Display: 1: FrontRight
[2020.01.30-17.28.55:049][139]LogAudioMixer: Display: Using Audio Device Speaker / Headphone (Realtek(R) Audio)
[2020.01.30-17.28.55:050][139]LogInit: FAudioDevice initialized.
[2020.01.30-17.28.55:060][139]LogLoad: Game class is 'ThirdPersonGameMode_C'
[2020.01.30-17.28.55:067][139]LogWorld: Bringing World /Game/ThirdPersonBP/Maps/UEDPIE_0_ThirdPersonExampleMap.ThirdPersonExampleMap up for play (max tick rate 60) at 2020.01.30-18.28.55
[2020.01.30-17.28.55:067][139]LogWorld: Bringing up level for play took: 0.005590
[2020.01.30-17.28.55:067][139]LogOnline: OSS: Creating online subsystem instance for: :Context_12
[2020.01.30-17.28.55:072][139]LogContentBrowser: Native class hierarchy updated for 'MovieSceneCapture' in 0.0003 seconds. Added 20 classes and 0 folders.
[2020.01.30-17.28.55:073][139]PIE: Play in editor start time for /Game/ThirdPersonBP/Maps/UEDPIE_0_ThirdPersonExampleMap 1.261
[2020.01.30-17.28.55:073][139]LogBlueprintUserMessages: Late PlayInEditor Detection: Level '/Game/ThirdPersonBP/Maps/ThirdPersonExampleMap.ThirdPersonExampleMap:PersistentLevel' has LevelScriptBlueprint '/Game/ThirdPersonBP/Maps/ThirdPersonExampleMap.ThirdPersonExampleMap:PersistentLevel.ThirdPersonExampleMap' with GeneratedClass '/Game/ThirdPersonBP/Maps/ThirdPersonExampleMap.ThirdPersonExampleMap_C' with ClassGeneratedBy '/Game/ThirdPersonBP/Maps/ThirdPersonExampleMap.ThirdPersonExampleMap:PersistentLevel.ThirdPersonExampleMap'
[2020.01.30-17.29.44:952][306]LogAudioMixer: Display: No commands were queued while flushing the source manager.
[2020.01.30-17.29.44:980][306]LogAudioMixer: Display: Flush succeeded in the source manager command queue (1).
[2020.01.30-17.29.44:999][306]LogAudioMixer: Display: Flush succeeded the source manager command queue (2).
[2020.01.30-17.29.44:999][306]LogBlueprintUserMessages: Early EndPlayMap Detection: Level '/Game/ThirdPersonBP/Maps/ThirdPersonExampleMap.ThirdPersonExampleMap:PersistentLevel' has LevelScriptBlueprint '/Game/ThirdPersonBP/Maps/ThirdPersonExampleMap.ThirdPersonExampleMap:PersistentLevel.ThirdPersonExampleMap' with GeneratedClass '/Game/ThirdPersonBP/Maps/ThirdPersonExampleMap.ThirdPersonExampleMap_C' with ClassGeneratedBy '/Game/ThirdPersonBP/Maps/ThirdPersonExampleMap.ThirdPersonExampleMap:PersistentLevel.ThirdPersonExampleMap'
[2020.01.30-17.29.45:000][306]LogSlate: Updating window title bar state: overlay mode, drag disabled, window buttons hidden, title bar hidden
[2020.01.30-17.29.45:000][306]LogWorld: BeginTearingDown for /Game/ThirdPersonBP/Maps/UEDPIE_0_ThirdPersonExampleMap
[2020.01.30-17.29.45:000][306]LogAudioMixer: Display: No commands were queued while flushing the source manager.
[2020.01.30-17.29.45:000][306]LogWorld: UWorld::CleanupWorld for ThirdPersonExampleMap, bSessionEnded=true, bCleanupResources=true
[2020.01.30-17.29.45:000][306]LogSlate: InvalidateAllWidgets triggered.  All widgets were invalidated
[2020.01.30-17.29.45:075][306]LogPlayLevel: Display: Shutting down PIE online subsystems
[2020.01.30-17.29.45:075][306]LogBlueprintUserMessages: Late EndPlayMap Detection: Level '/Game/ThirdPersonBP/Maps/ThirdPersonExampleMap.ThirdPersonExampleMap:PersistentLevel' has LevelScriptBlueprint '/Game/ThirdPersonBP/Maps/ThirdPersonExampleMap.ThirdPersonExampleMap:PersistentLevel.ThirdPersonExampleMap' with GeneratedClass '/Game/ThirdPersonBP/Maps/ThirdPersonExampleMap.ThirdPersonExampleMap_C' with ClassGeneratedBy '/Game/ThirdPersonBP/Maps/ThirdPersonExampleMap.ThirdPersonExampleMap:PersistentLevel.ThirdPersonExampleMap'
[2020.01.30-17.29.45:078][306]LogSlate: InvalidateAllWidgets triggered.  All widgets were invalidated
[2020.01.30-17.29.45:101][306]LogAudioMixer: Display: No commands were queued while flushing the source manager.
[2020.01.30-17.29.45:107][306]LogSlate: Updating window title bar state: overlay mode, drag disabled, window buttons hidden, title bar hidden
[2020.01.30-17.29.45:112][306]LogUObjectHash: Compacting FUObjectHashTables data took   1.68ms
[2020.01.30-17.29.45:136][307]LogPlayLevel: Display: Destroying online subsystem :Context_12
[2020.01.30-17.30.44:767][821]LogEditorViewport: Clicking on Actor (LMB): StaticMeshActor (mesh3)
[2020.01.30-17.30.48:034][900]LogEditorViewport: Clicking on Actor (LMB): StaticMeshActor (mesh4)
[2020.01.30-17.30.57:161][159]LogEditorViewport: Clicking on Actor (LMB): StaticMeshActor (mesh5)
[2020.01.30-17.31.01:255][234]LogHttp: Warning: 000001FAFD1A9580: invalid HTTP response code received. URL: https://datarouter.ol.epicgames.com/datarouter/api/v1/public/data?SessionID=%7B4AB17CA1-442E-B793-6569-C6ABBC820620%7D&AppID=UEEditor.Rocket.Release&AppVersion=4.24.1-10757647%2B%2B%2BUE4%2BRelease-4.24&UserID=57b75e3c47237f2f78c2b0b36a1de745%7Cdc6cdfe94d5f40fa9d057b6ef21f733c%7Cfe7a6e06-939d-4e5f-97c8-e9f62f453553&AppEnvironment=datacollector-binary&UploadType=eteventstream, HTTP code: 0, content length: 0, actual payload size: 0
[2020.01.30-17.31.01:255][234]LogHttp: Warning: 000001FAFD1A9580: request failed, libcurl error: 56 (Failure when receiving data from the peer)
[2020.01.30-17.31.01:255][234]LogHttp: Warning: 000001FAFD1A9580: libcurl info message cache 0 (Found bundle for host datarouter.ol.epicgames.com: 0x1fae38bff70 [can pipeline])
[2020.01.30-17.31.01:255][234]LogHttp: Warning: 000001FAFD1A9580: libcurl info message cache 1 (Re-using existing connection! (#9) with host datarouter.ol.epicgames.com)
[2020.01.30-17.31.01:255][234]LogHttp: Warning: 000001FAFD1A9580: libcurl info message cache 2 (Connected to datarouter.ol.epicgames.com (52.4.236.189) port 443 (#9))
[2020.01.30-17.31.01:255][234]LogHttp: Warning: 000001FAFD1A9580: libcurl info message cache 3 (We are completely uploaded and fine)
[2020.01.30-17.31.01:255][234]LogHttp: Warning: 000001FAFD1A9580: libcurl info message cache 4 (OpenSSL SSL_read: SSL_ERROR_SYSCALL, errno 10054)
[2020.01.30-17.31.01:255][234]LogHttp: Warning: 000001FAFD1A9580: libcurl info message cache 5 (Connection died, retrying a fresh connect)
[2020.01.30-17.31.01:255][234]LogHttp: Warning: 000001FAFD1A9580: libcurl info message cache 6 (necessary data rewind wasn't possible)
[2020.01.30-17.31.01:255][234]LogHttp: Warning: 000001FAFD1A9580: libcurl info message cache 7 (Closing connection 9)
[2020.01.30-17.31.01:255][234]LogHttp: Warning: Retry exhausted on https://datarouter.ol.epicgames.com/datarouter/api/v1/public/data?SessionID=%7B4AB17CA1-442E-B793-6569-C6ABBC820620%7D&AppID=UEEditor.Rocket.Release&AppVersion=4.24.1-10757647%2B%2B%2BUE4%2BRelease-4.24&UserID=57b75e3c47237f2f78c2b0b36a1de745%7Cdc6cdfe94d5f40fa9d057b6ef21f733c%7Cfe7a6e06-939d-4e5f-97c8-e9f62f453553&AppEnvironment=datacollector-binary&UploadType=eteventstream
[2020.01.30-17.31.20:499][672]LogUObjectHash: Compacting FUObjectHashTables data took   1.29ms
[2020.01.30-17.31.20:549][672]LogUObjectHash: Compacting FUObjectHashTables data took   0.55ms
[2020.01.30-17.31.21:663][672]LogSavePackage: Moving 'D:/P1 MOTORS VERSIO DEFINITIVA/MotorsDeJoc_Prac1_Def/P1/Saved/ThirdPersonExampleMap03454386489AB4CED6EB3DAFA0AE86C3.tmp' to 'D:/P1 MOTORS VERSIO DEFINITIVA/MotorsDeJoc_Prac1_Def/P1/Content/ThirdPersonBP/Maps/ThirdPersonExampleMap.umap'
[2020.01.30-17.31.21:681][672]LogFileHelpers: Saving map 'ThirdPersonExampleMap' took 1.160
[2020.01.30-17.31.21:696][672]AssetCheck: New page: Asset Save: ThirdPersonExampleMap
[2020.01.30-17.31.21:696][672]LogContentValidation: Display: Validating World /Game/ThirdPersonBP/Maps/ThirdPersonExampleMap.ThirdPersonExampleMap
